

Microchip Technology PIC LITE Macro Assembler V1.31 build 56723 
                                                                                               Tue Jun 10 01:17:39 2014

Microchip Technology Omniscient Code Generator (Lite mode) build 56723
     1                           	processor	16F690
     2                           	opt	pw 120
     3                           	opt	lm
     4                           	psect	text0,local,class=CODE,merge=1,delta=2
     5                           	psect	cinit,global,class=CODE,merge=1,delta=2
     6                           	psect	cstackCOMMON,global,class=COMMON,space=1,delta=1
     7                           	psect	cstackBANK0,global,class=BANK0,space=1,delta=1
     8                           	psect	maintext,global,class=CODE,split=1,delta=2
     9                           	psect	text1,local,class=CODE,merge=1,delta=2
    10                           	psect	text2,local,class=CODE,merge=1,delta=2
    11                           	psect	text3,local,class=CODE,merge=1,delta=2
    12                           	psect	text4,local,class=CODE,merge=1,delta=2
    13                           	psect	text5,local,class=CODE,merge=1,delta=2
    14                           	psect	intentry,global,class=CODE,delta=2
    15                           	psect	text6,local,class=CODE,merge=1,delta=2
    16                           	psect	text7,local,class=CODE,merge=1,delta=2
    17                           	dabs	1,0x7E,2
    18  0000                     	;# 
    19  0001                     	;# 
    20  0002                     	;# 
    21  0003                     	;# 
    22  0004                     	;# 
    23  0005                     	;# 
    24  0006                     	;# 
    25  0007                     	;# 
    26  000A                     	;# 
    27  000B                     	;# 
    28  000C                     	;# 
    29  000D                     	;# 
    30  000E                     	;# 
    31  000E                     	;# 
    32  000F                     	;# 
    33  0010                     	;# 
    34  0011                     	;# 
    35  0012                     	;# 
    36  0013                     	;# 
    37  0014                     	;# 
    38  0015                     	;# 
    39  0015                     	;# 
    40  0016                     	;# 
    41  0017                     	;# 
    42  0018                     	;# 
    43  0019                     	;# 
    44  001A                     	;# 
    45  001C                     	;# 
    46  001D                     	;# 
    47  001E                     	;# 
    48  001F                     	;# 
    49  0081                     	;# 
    50  0085                     	;# 
    51  0086                     	;# 
    52  0087                     	;# 
    53  008C                     	;# 
    54  008D                     	;# 
    55  008E                     	;# 
    56  008F                     	;# 
    57  0090                     	;# 
    58  0092                     	;# 
    59  0093                     	;# 
    60  0093                     	;# 
    61  0093                     	;# 
    62  0094                     	;# 
    63  0095                     	;# 
    64  0095                     	;# 
    65  0096                     	;# 
    66  0096                     	;# 
    67  0097                     	;# 
    68  0098                     	;# 
    69  0099                     	;# 
    70  009A                     	;# 
    71  009B                     	;# 
    72  009E                     	;# 
    73  009F                     	;# 
    74  010C                     	;# 
    75  010C                     	;# 
    76  010D                     	;# 
    77  010E                     	;# 
    78  010F                     	;# 
    79  0115                     	;# 
    80  0116                     	;# 
    81  0118                     	;# 
    82  0119                     	;# 
    83  011A                     	;# 
    84  011B                     	;# 
    85  011E                     	;# 
    86  011F                     	;# 
    87  018C                     	;# 
    88  018D                     	;# 
    89  019D                     	;# 
    90  019E                     	;# 
    91  0013                     _SSPBUF	set	19
    92  0014                     _SSPCON	set	20
    93  0012                     _T2CON	set	18
    94  0058                     _RABIF	set	88
    95  0039                     _RC1	set	57
    96  003A                     _RC2	set	58
    97  00A5                     _SSPEN	set	165
    98  0094                     _SSPSTAT	set	148
    99  0094                     _SSPSTATbits	set	148
   100  0085                     _TRISA	set	133
   101  0085                     _TRISAbits	set	133
   102  0086                     _TRISB	set	134
   103  0086                     _TRISBbits	set	134
   104  0087                     _TRISC	set	135
   105  0087                     _TRISCbits	set	135
   106  04B2                     _IOCA2	set	1202
   107  011E                     _ANSEL	set	286
   108  011F                     _ANSELH	set	287
   109                           
   110                           	psect	text0
   111  0000                     __ptext0:	
   112                           ; #config settings
   113                           
   114                           
   115                           ;psect for function i1_delayms
   116  0000                     
   117                           	psect	cinit
   118  0013                     start_initialization:	
   119  0013                     __initialization:	
   120  0013                     end_of_initialization:	
   121                           ;End of C runtime variable initialization code
   122                           
   123  0013                     __end_of__initialization:	
   124  0013  0183               	clrf	3
   125  0014  118A  2816         	ljmp	_main	;jump to C main() function
   126                           
   127                           	psect	cstackCOMMON
   128  0070                     __pcstackCOMMON:	
   129  0070                     ?_indicateByteSent:	
   130  0070                     ?_ISR:	
   131                           ; 0 bytes @ 0x0
   132                           
   133  0070                     ?_display:	
   134                           ; 0 bytes @ 0x0
   135                           
   136  0070                     ?_main:	
   137                           ; 0 bytes @ 0x0
   138                           
   139  0070                     ?i1_delayms:	
   140                           ; 0 bytes @ 0x0
   141                           
   142  0070                     ?i1_indicateByteSent:	
   143                           ; 0 bytes @ 0x0
   144                           
   145  0070                     i1delayms@ms:	
   146                           ; 0 bytes @ 0x0
   147                           
   148                           
   149                           ; 2 bytes @ 0x0
   150  0070                     	ds	2
   151  0072                     ??i1_delayms:	
   152  0072                     i1delayms@waitedms:	
   153                           ; 0 bytes @ 0x2
   154                           
   155                           
   156                           ; 2 bytes @ 0x2
   157  0072                     	ds	2
   158  0074                     i1delayms@cycles:	
   159                           
   160                           ; 2 bytes @ 0x4
   161  0074                     	ds	2
   162  0076                     ??_ISR:	
   163  0076                     ??i1_indicateByteSent:	
   164                           ; 0 bytes @ 0x6
   165                           
   166                           
   167                           ; 0 bytes @ 0x6
   168  0076                     	ds	4
   169                           
   170                           	psect	cstackBANK0
   171  0020                     __pcstackBANK0:	
   172  0020                     ?_delayms:	
   173  0020                     delayms@ms:	
   174                           ; 0 bytes @ 0x0
   175                           
   176                           
   177                           ; 2 bytes @ 0x0
   178  0020                     	ds	2
   179  0022                     ??_delayms:	
   180  0022                     delayms@waitedms:	
   181                           ; 0 bytes @ 0x2
   182                           
   183                           
   184                           ; 2 bytes @ 0x2
   185  0022                     	ds	2
   186  0024                     delayms@cycles:	
   187                           
   188                           ; 2 bytes @ 0x4
   189  0024                     	ds	2
   190  0026                     ??_indicateByteSent:	
   191  0026                     ??_display:	
   192                           ; 0 bytes @ 0x6
   193                           
   194  0026                     ?_spi_w:	
   195                           ; 0 bytes @ 0x6
   196                           
   197  0026                     display@answer:	
   198                           ; 1 bytes @ 0x6
   199                           
   200  0026                     spi_w@data:	
   201                           ; 1 bytes @ 0x6
   202                           
   203                           
   204                           ; 2 bytes @ 0x6
   205  0026                     	ds	2
   206  0028                     ??_spi_w:	
   207                           
   208                           ; 0 bytes @ 0x8
   209  0028                     	ds	1
   210  0029                     spi_w@ret1:	
   211                           
   212                           ; 1 bytes @ 0x9
   213  0029                     	ds	1
   214  002A                     spi_w@byte1:	
   215                           
   216                           ; 1 bytes @ 0xA
   217  002A                     	ds	1
   218  002B                     spi_w@byte2:	
   219                           
   220                           ; 1 bytes @ 0xB
   221  002B                     	ds	1
   222  002C                     ??_main:	
   223                           
   224                           ; 0 bytes @ 0xC
   225  002C                     	ds	1
   226  002D                     main@answer:	
   227                           
   228                           ; 1 bytes @ 0xD
   229  002D                     	ds	1
   230                           
   231                           	psect	maintext
   232  0016                     __pmaintext:	
   233 ;;
   234 ;;Main: autosize = 0, tempsize = 1, incstack = 0, save=0
   235 ;;
   236 ;; *************** function _main *****************
   237 ;; Defined at:
   238 ;;		line 120 in file "main.c"
   239 ;; Parameters:    Size  Location     Type
   240 ;;		None
   241 ;; Auto vars:     Size  Location     Type
   242 ;;  answer          1   13[BANK0 ] unsigned char 
   243 ;; Return value:  Size  Location     Type
   244 ;;		None               void
   245 ;; Registers used:
   246 ;;		wreg, status,2, status,0, pclath, cstack
   247 ;; Tracked objects:
   248 ;;		On entry : 17F/0
   249 ;;		On exit  : 0/0
   250 ;;		Unchanged: 0/0
   251 ;; Data sizes:     COMMON   BANK0   BANK1   BANK2
   252 ;;      Params:         0       0       0       0
   253 ;;      Locals:         0       1       0       0
   254 ;;      Temps:          0       1       0       0
   255 ;;      Totals:         0       2       0       0
   256 ;;Total ram usage:        2 bytes
   257 ;; Hardware stack levels required when called:    6
   258 ;; This function calls:
   259 ;;		_display
   260 ;;		_spi_w
   261 ;; This function is called by:
   262 ;;		Startup code after reset
   263 ;; This function uses a non-reentrant model
   264 ;;
   265                           
   266                           
   267                           ;psect for function _main
   268  0016                     _main:	
   269                           
   270                           ;main.c: 123: ANSELH = 0X0;
   271                           
   272                           ;incstack = 0
   273                           ; Regs used in _main: [wreg+status,2+status,0+pclath+cstack]
   274  0016  1283               	bcf	3,5	;RP0=0, select bank2
   275  0017  1703               	bsf	3,6	;RP1=1, select bank2
   276  0018  019F               	clrf	31	;volatile
   277                           
   278                           ;main.c: 124: ANSEL = 0X0;
   279  0019  019E               	clrf	30	;volatile
   280                           
   281                           ;main.c: 126: TRISA = 0x0;
   282  001A  1683               	bsf	3,5	;RP0=1, select bank1
   283  001B  1303               	bcf	3,6	;RP1=0, select bank1
   284  001C  0185               	clrf	5	;volatile
   285                           
   286                           ;main.c: 127: TRISB = 0x0;
   287  001D  0186               	clrf	6	;volatile
   288                           
   289                           ;main.c: 128: TRISC = 0x0;
   290  001E  0187               	clrf	7	;volatile
   291                           
   292                           ;main.c: 129: TRISBbits.TRISB6 = 0;
   293  001F  1306               	bcf	6,6	;volatile
   294                           
   295                           ;main.c: 130: TRISBbits.TRISB4 = 1;
   296  0020  1606               	bsf	6,4	;volatile
   297                           
   298                           ;main.c: 131: TRISCbits.TRISC7 = 0;
   299  0021  1387               	bcf	7,7	;volatile
   300                           
   301                           ;main.c: 132: TRISCbits.TRISC2 = 0;
   302  0022  1107               	bcf	7,2	;volatile
   303                           
   304                           ;main.c: 133: TRISCbits.TRISC1 = 0;
   305  0023  1087               	bcf	7,1	;volatile
   306                           
   307                           ;main.c: 136: T2CON = 0b00001100;
   308  0024  300C               	movlw	12
   309  0025  1283               	bcf	3,5	;RP0=0, select bank0
   310  0026  1303               	bcf	3,6	;RP1=0, select bank0
   311  0027  0092               	movwf	18	;volatile
   312                           
   313                           ;main.c: 139: SSPEN = 0;
   314  0028  1294               	bcf	20,5	;volatile
   315                           
   316                           ;main.c: 140: SSPSTAT= 0b01000000;
   317  0029  3040               	movlw	64
   318  002A  1683               	bsf	3,5	;RP0=1, select bank1
   319  002B  1303               	bcf	3,6	;RP1=0, select bank1
   320  002C  0094               	movwf	20	;volatile
   321                           
   322                           ;main.c: 141: SSPCON = 0b00000011;
   323  002D  3003               	movlw	3
   324  002E  1283               	bcf	3,5	;RP0=0, select bank0
   325  002F  1303               	bcf	3,6	;RP1=0, select bank0
   326  0030  0094               	movwf	20	;volatile
   327                           
   328                           ;main.c: 142: SSPEN = 1;
   329  0031  1694               	bsf	20,5	;volatile
   330                           
   331                           ;main.c: 145: TRISAbits.TRISA2 = 1;
   332  0032  1683               	bsf	3,5	;RP0=1, select bank1
   333  0033  1303               	bcf	3,6	;RP1=0, select bank1
   334  0034  1505               	bsf	5,2	;volatile
   335                           
   336                           ;main.c: 146: IOCA2 = 1;
   337  0035  1516               	bsf	22,2	;volatile
   338                           
   339                           ;main.c: 150: RC2 = 1;
   340  0036  1283               	bcf	3,5	;RP0=0, select bank0
   341  0037  1303               	bcf	3,6	;RP1=0, select bank0
   342  0038  1507               	bsf	7,2	;volatile
   343                           
   344                           ;main.c: 151: RC1 = 0;
   345  0039  1087               	bcf	7,1	;volatile
   346                           
   347                           ;main.c: 153: uchar answer;
   348                           ;main.c: 155: answer = spi_w(0x0000);
   349  003A  3000               	movlw	0
   350  003B                     L1:	
   351  003B  00A6               	movwf	spi_w@data
   352  003C  3000               	movlw	0
   353  003D  00A7               	movwf	spi_w@data+1
   354  003E  118A  20B8  118A   	fcall	_spi_w
   355  0041  1283               	bcf	3,5	;RP0=0, select bank0
   356  0042  1303               	bcf	3,6	;RP1=0, select bank0
   357  0043  00AC               	movwf	??_main
   358  0044  082C               	movf	??_main,w
   359  0045  00AD               	movwf	main@answer
   360                           
   361                           ;main.c: 156: display(answer);
   362  0046  082D               	movf	main@answer,w
   363  0047  118A  2152  118A   	fcall	_display
   364                           
   365                           ;main.c: 180: {
   366                           ;main.c: 184: answer = spi_w(0x0000);
   367                           
   368                           ;main.c: 179: while(1)
   369  004A  3000               	movlw	0
   370  004B  1283               	bcf	3,5	;RP0=0, select bank0
   371  004C  1303               	bcf	3,6	;RP1=0, select bank0
   372  004D  283B               	goto	L1
   373  004E                     __end_of_main:	
   374                           ;main.c: 185: display(answer);
   375                           
   376                           
   377                           	psect	text1
   378  00B8                     __ptext1:	
   379 ;; *************** function _spi_w *****************
   380 ;; Defined at:
   381 ;;		line 76 in file "main.c"
   382 ;; Parameters:    Size  Location     Type
   383 ;;  data            2    6[BANK0 ] unsigned int 
   384 ;; Auto vars:     Size  Location     Type
   385 ;;  byte2           1   11[BANK0 ] unsigned char 
   386 ;;  byte1           1   10[BANK0 ] unsigned char 
   387 ;;  ret1            1    9[BANK0 ] unsigned char 
   388 ;;  ret2            1    0        unsigned char 
   389 ;; Return value:  Size  Location     Type
   390 ;;                  1    wreg      unsigned char 
   391 ;; Registers used:
   392 ;;		wreg, status,2, status,0, pclath, cstack
   393 ;; Tracked objects:
   394 ;;		On entry : 0/0
   395 ;;		On exit  : 0/0
   396 ;;		Unchanged: 0/0
   397 ;; Data sizes:     COMMON   BANK0   BANK1   BANK2
   398 ;;      Params:         0       2       0       0
   399 ;;      Locals:         0       3       0       0
   400 ;;      Temps:          0       1       0       0
   401 ;;      Totals:         0       6       0       0
   402 ;;Total ram usage:        6 bytes
   403 ;; Hardware stack levels used:    1
   404 ;; Hardware stack levels required when called:    4
   405 ;; This function calls:
   406 ;;		_delayms
   407 ;; This function is called by:
   408 ;;		_main
   409 ;; This function uses a non-reentrant model
   410 ;;
   411                           
   412                           
   413                           ;psect for function _spi_w
   414  00B8                     _spi_w:	
   415                           
   416                           ;main.c: 77: uchar ret1;
   417                           ;main.c: 78: uchar ret2;
   418                           ;main.c: 79: uchar byte1 = ((data & 0xFF00) >> 8);
   419                           
   420                           ;incstack = 0
   421                           ; Regs used in _spi_w: [wreg+status,2+status,0+pclath+cstack]
   422  00B8  1283               	bcf	3,5	;RP0=0, select bank0
   423  00B9  1303               	bcf	3,6	;RP1=0, select bank0
   424  00BA  0827               	movf	spi_w@data+1,w
   425  00BB  00A8               	movwf	??_spi_w
   426  00BC  0828               	movf	??_spi_w,w
   427  00BD  00AA               	movwf	spi_w@byte1
   428                           
   429                           ;main.c: 80: uchar byte2 = data & 0x00FF;
   430  00BE  0826               	movf	spi_w@data,w
   431  00BF  00A8               	movwf	??_spi_w
   432  00C0  0828               	movf	??_spi_w,w
   433  00C1  00AB               	movwf	spi_w@byte2
   434                           
   435                           ;main.c: 82: RC2=0;
   436  00C2  1107               	bcf	7,2	;volatile
   437                           
   438                           ;main.c: 83: delayms(1);
   439  00C3  3001               	movlw	1
   440  00C4  00A0               	movwf	delayms@ms
   441  00C5  3000               	movlw	0
   442  00C6  00A1               	movwf	delayms@ms+1
   443  00C7  118A  20EB  118A   	fcall	_delayms
   444                           
   445                           ;main.c: 85: SSPBUF=byte1;
   446  00CA  1283               	bcf	3,5	;RP0=0, select bank0
   447  00CB  1303               	bcf	3,6	;RP1=0, select bank0
   448  00CC  082A               	movf	spi_w@byte1,w
   449  00CD  0093               	movwf	19	;volatile
   450  00CE                     l56:	
   451                           ;main.c: 86: while (!SSPSTATbits.BF);
   452                           
   453  00CE  1683               	bsf	3,5	;RP0=1, select bank1
   454  00CF  1303               	bcf	3,6	;RP1=0, select bank1
   455  00D0  1C14               	btfss	20,0	;volatile
   456  00D1  28CE               	goto	l56
   457                           
   458                           ;main.c: 87: ret1=SSPBUF;
   459  00D2  1283               	bcf	3,5	;RP0=0, select bank0
   460  00D3  1303               	bcf	3,6	;RP1=0, select bank0
   461  00D4  0813               	movf	19,w	;volatile
   462  00D5  00A8               	movwf	??_spi_w
   463  00D6  0828               	movf	??_spi_w,w
   464  00D7  00A9               	movwf	spi_w@ret1
   465                           
   466                           ;main.c: 89: SSPBUF=byte2;
   467  00D8  082B               	movf	spi_w@byte2,w
   468  00D9  0093               	movwf	19	;volatile
   469  00DA                     l59:	
   470                           ;main.c: 90: while (!SSPSTATbits.BF);
   471                           
   472  00DA  1683               	bsf	3,5	;RP0=1, select bank1
   473  00DB  1303               	bcf	3,6	;RP1=0, select bank1
   474  00DC  1C14               	btfss	20,0	;volatile
   475  00DD  28DA               	goto	l59
   476                           
   477                           ;main.c: 92: delayms(1);
   478  00DE  3001               	movlw	1
   479  00DF  1283               	bcf	3,5	;RP0=0, select bank0
   480  00E0  1303               	bcf	3,6	;RP1=0, select bank0
   481  00E1  00A0               	movwf	delayms@ms
   482  00E2  3000               	movlw	0
   483  00E3  00A1               	movwf	delayms@ms+1
   484  00E4  118A  20EB         	fcall	_delayms
   485                           
   486                           ;main.c: 93: RC2=1;
   487  00E6  1283               	bcf	3,5	;RP0=0, select bank0
   488  00E7  1303               	bcf	3,6	;RP1=0, select bank0
   489  00E8  1507               	bsf	7,2	;volatile
   490                           
   491                           ;main.c: 97: return ret1;
   492  00E9  0829               	movf	spi_w@ret1,w
   493  00EA  0008               	return
   494  00EB                     __end_of_spi_w:	
   495                           
   496                           	psect	text2
   497  0152                     __ptext2:	
   498 ;; *************** function _display *****************
   499 ;; Defined at:
   500 ;;		line 100 in file "main.c"
   501 ;; Parameters:    Size  Location     Type
   502 ;;  answer          1    wreg     unsigned char 
   503 ;; Auto vars:     Size  Location     Type
   504 ;;  answer          1    6[BANK0 ] unsigned char 
   505 ;; Return value:  Size  Location     Type
   506 ;;		None               void
   507 ;; Registers used:
   508 ;;		wreg, status,2, status,0, pclath, cstack
   509 ;; Tracked objects:
   510 ;;		On entry : 0/0
   511 ;;		On exit  : 0/0
   512 ;;		Unchanged: 0/0
   513 ;; Data sizes:     COMMON   BANK0   BANK1   BANK2
   514 ;;      Params:         0       0       0       0
   515 ;;      Locals:         0       1       0       0
   516 ;;      Temps:          0       0       0       0
   517 ;;      Totals:         0       1       0       0
   518 ;;Total ram usage:        1 bytes
   519 ;; Hardware stack levels used:    1
   520 ;; Hardware stack levels required when called:    5
   521 ;; This function calls:
   522 ;;		_indicateByteSent
   523 ;; This function is called by:
   524 ;;		_main
   525 ;; This function uses a non-reentrant model
   526 ;;
   527                           
   528                           
   529                           ;psect for function _display
   530  0152                     _display:	
   531                           
   532                           ;incstack = 0
   533                           ; Regs used in _display: [wreg+status,2+status,0+pclath+cstack]
   534                           ;display@answer stored from wreg
   535  0152  1283               	bcf	3,5	;RP0=0, select bank0
   536  0153  1303               	bcf	3,6	;RP1=0, select bank0
   537  0154  00A6               	movwf	display@answer
   538                           
   539                           ;main.c: 101: if (answer){
   540  0155  0826               	movf	display@answer,w
   541  0156  1903               	btfsc	3,2
   542  0157  0008               	return
   543                           
   544                           ;main.c: 102: indicateByteSent();
   545  0158  118A  204E         	fcall	_indicateByteSent
   546  015A  1283               	bcf	3,5	;RP0=0, select bank0
   547  015B  1303               	bcf	3,6	;RP1=0, select bank0
   548  015C  0008               	return
   549  015D                     __end_of_display:	
   550                           
   551                           	psect	text3
   552  004E                     __ptext3:	
   553 ;; *************** function _indicateByteSent *****************
   554 ;; Defined at:
   555 ;;		line 53 in file "main.c"
   556 ;; Parameters:    Size  Location     Type
   557 ;;		None
   558 ;; Auto vars:     Size  Location     Type
   559 ;;		None
   560 ;; Return value:  Size  Location     Type
   561 ;;		None               void
   562 ;; Registers used:
   563 ;;		wreg, status,2, status,0, pclath, cstack
   564 ;; Tracked objects:
   565 ;;		On entry : 0/0
   566 ;;		On exit  : 0/0
   567 ;;		Unchanged: 0/0
   568 ;; Data sizes:     COMMON   BANK0   BANK1   BANK2
   569 ;;      Params:         0       0       0       0
   570 ;;      Locals:         0       0       0       0
   571 ;;      Temps:          0       0       0       0
   572 ;;      Totals:         0       0       0       0
   573 ;;Total ram usage:        0 bytes
   574 ;; Hardware stack levels used:    1
   575 ;; Hardware stack levels required when called:    4
   576 ;; This function calls:
   577 ;;		_delayms
   578 ;; This function is called by:
   579 ;;		_display
   580 ;; This function uses a non-reentrant model
   581 ;;
   582                           
   583                           
   584                           ;psect for function _indicateByteSent
   585  004E                     _indicateByteSent:	
   586                           
   587                           ;main.c: 54: RC1 = 1;
   588                           
   589                           ;incstack = 0
   590                           ; Regs used in _indicateByteSent: [wreg+status,2+status,0+pclath+cstack]
   591  004E  1283               	bcf	3,5	;RP0=0, select bank0
   592  004F  1303               	bcf	3,6	;RP1=0, select bank0
   593  0050  1487               	bsf	7,1	;volatile
   594                           
   595                           ;main.c: 55: delayms(50);
   596  0051  3032               	movlw	50
   597  0052  00A0               	movwf	delayms@ms
   598  0053  3000               	movlw	0
   599  0054  00A1               	movwf	delayms@ms+1
   600  0055  118A  20EB  118A   	fcall	_delayms
   601                           
   602                           ;main.c: 56: RC1 = 0;
   603  0058  1283               	bcf	3,5	;RP0=0, select bank0
   604  0059  1303               	bcf	3,6	;RP1=0, select bank0
   605  005A  1087               	bcf	7,1	;volatile
   606                           
   607                           ;main.c: 57: delayms(50);
   608  005B  3032               	movlw	50
   609  005C  00A0               	movwf	delayms@ms
   610  005D  3000               	movlw	0
   611  005E  00A1               	movwf	delayms@ms+1
   612  005F  118A  20EB  118A   	fcall	_delayms
   613                           
   614                           ;main.c: 58: RC1 = 1;
   615  0062  1283               	bcf	3,5	;RP0=0, select bank0
   616  0063  1303               	bcf	3,6	;RP1=0, select bank0
   617  0064  1487               	bsf	7,1	;volatile
   618                           
   619                           ;main.c: 59: delayms(50);
   620  0065  3032               	movlw	50
   621  0066  00A0               	movwf	delayms@ms
   622  0067  3000               	movlw	0
   623  0068  00A1               	movwf	delayms@ms+1
   624  0069  118A  20EB  118A   	fcall	_delayms
   625                           
   626                           ;main.c: 60: RC1 = 0;
   627  006C  1283               	bcf	3,5	;RP0=0, select bank0
   628  006D  1303               	bcf	3,6	;RP1=0, select bank0
   629  006E  1087               	bcf	7,1	;volatile
   630                           
   631                           ;main.c: 61: delayms(50);
   632  006F  3032               	movlw	50
   633  0070  00A0               	movwf	delayms@ms
   634  0071  3000               	movlw	0
   635  0072  00A1               	movwf	delayms@ms+1
   636  0073  118A  20EB  118A   	fcall	_delayms
   637                           
   638                           ;main.c: 62: RC1 = 1;
   639  0076  1283               	bcf	3,5	;RP0=0, select bank0
   640  0077  1303               	bcf	3,6	;RP1=0, select bank0
   641  0078  1487               	bsf	7,1	;volatile
   642                           
   643                           ;main.c: 63: delayms(50);
   644  0079  3032               	movlw	50
   645  007A  00A0               	movwf	delayms@ms
   646  007B  3000               	movlw	0
   647  007C  00A1               	movwf	delayms@ms+1
   648  007D  118A  20EB         	fcall	_delayms
   649                           
   650                           ;main.c: 64: RC1 = 0;
   651  007F  1283               	bcf	3,5	;RP0=0, select bank0
   652  0080  1303               	bcf	3,6	;RP1=0, select bank0
   653  0081  1087               	bcf	7,1	;volatile
   654  0082  0008               	return
   655  0083                     __end_of_indicateByteSent:	
   656                           
   657                           	psect	text4
   658  00EB                     __ptext4:	
   659 ;; *************** function _delayms *****************
   660 ;; Defined at:
   661 ;;		line 42 in file "main.c"
   662 ;; Parameters:    Size  Location     Type
   663 ;;  ms              2    0[BANK0 ] unsigned int 
   664 ;; Auto vars:     Size  Location     Type
   665 ;;  cycles          2    4[BANK0 ] unsigned int 
   666 ;;  waitedms        2    2[BANK0 ] unsigned int 
   667 ;; Return value:  Size  Location     Type
   668 ;;		None               void
   669 ;; Registers used:
   670 ;;		wreg, status,2
   671 ;; Tracked objects:
   672 ;;		On entry : 0/0
   673 ;;		On exit  : 0/0
   674 ;;		Unchanged: 0/0
   675 ;; Data sizes:     COMMON   BANK0   BANK1   BANK2
   676 ;;      Params:         0       2       0       0
   677 ;;      Locals:         0       4       0       0
   678 ;;      Temps:          0       0       0       0
   679 ;;      Totals:         0       6       0       0
   680 ;;Total ram usage:        6 bytes
   681 ;; Hardware stack levels used:    1
   682 ;; Hardware stack levels required when called:    3
   683 ;; This function calls:
   684 ;;		Nothing
   685 ;; This function is called by:
   686 ;;		_indicateByteSent
   687 ;;		_spi_w
   688 ;; This function uses a non-reentrant model
   689 ;;
   690                           
   691                           
   692                           ;psect for function _delayms
   693  00EB                     _delayms:	
   694                           
   695                           ;main.c: 43: uint waitedms = 0;
   696                           
   697                           ;incstack = 0
   698                           ; Regs used in _delayms: [wreg+status,2]
   699  00EB  1283               	bcf	3,5	;RP0=0, select bank0
   700  00EC  1303               	bcf	3,6	;RP1=0, select bank0
   701  00ED  01A2               	clrf	delayms@waitedms
   702  00EE  01A3               	clrf	delayms@waitedms+1
   703  00EF                     l41:	
   704                           ;main.c: 44: while (waitedms < ms){
   705                           
   706  00EF  0821               	movf	delayms@ms+1,w
   707  00F0  0223               	subwf	delayms@waitedms+1,w
   708  00F1  1D03               	skipz
   709  00F2  28F5               	goto	u135
   710  00F3  0820               	movf	delayms@ms,w
   711  00F4  0222               	subwf	delayms@waitedms,w
   712  00F5                     u135:	
   713  00F5  1803               	btfsc	3,0
   714  00F6  0008               	return
   715                           
   716                           ;main.c: 45: for(uint cycles = 0; cycles< 65; cycles++){
   717  00F7  01A4               	clrf	delayms@cycles
   718  00F8  01A5               	clrf	delayms@cycles+1
   719  00F9  3000               	movlw	0
   720  00FA  0225               	subwf	delayms@cycles+1,w
   721  00FB  3041               	movlw	65
   722  00FC  1903               	skipnz
   723  00FD  0224               	subwf	delayms@cycles,w
   724  00FE  1803               	btfsc	3,0
   725  00FF  2910               	goto	l659
   726  0100                     l43:	
   727                           
   728                           ;main.c: 46: __nop();
   729  0100  0000               	nop
   730  0101  3001               	movlw	1
   731  0102  1283               	bcf	3,5	;RP0=0, select bank0
   732  0103  1303               	bcf	3,6	;RP1=0, select bank0
   733  0104  07A4               	addwf	delayms@cycles,f
   734  0105  1803               	skipnc
   735  0106  0AA5               	incf	delayms@cycles+1,f
   736  0107  3000               	movlw	0
   737  0108  07A5               	addwf	delayms@cycles+1,f
   738  0109  3000               	movlw	0
   739  010A  0225               	subwf	delayms@cycles+1,w
   740  010B  3041               	movlw	65
   741  010C  1903               	skipnz
   742  010D  0224               	subwf	delayms@cycles,w
   743  010E  1C03               	skipc
   744  010F  2900               	goto	l43
   745  0110                     l659:	
   746                           
   747                           ;main.c: 47: }
   748                           ;main.c: 48: waitedms++;
   749  0110  3001               	movlw	1
   750  0111  07A2               	addwf	delayms@waitedms,f
   751  0112  1803               	skipnc
   752  0113  0AA3               	incf	delayms@waitedms+1,f
   753  0114  3000               	movlw	0
   754  0115  07A3               	addwf	delayms@waitedms+1,f
   755  0116  28EF               	goto	l41
   756  0117                     __end_of_delayms:	
   757                           
   758                           	psect	text5
   759  013F                     __ptext5:	
   760 ;; *************** function _ISR *****************
   761 ;; Defined at:
   762 ;;		line 68 in file "main.c"
   763 ;; Parameters:    Size  Location     Type
   764 ;;		None
   765 ;; Auto vars:     Size  Location     Type
   766 ;;		None
   767 ;; Return value:  Size  Location     Type
   768 ;;		None               void
   769 ;; Registers used:
   770 ;;		wreg, status,2, status,0, pclath, cstack
   771 ;; Tracked objects:
   772 ;;		On entry : 0/0
   773 ;;		On exit  : 0/0
   774 ;;		Unchanged: 0/0
   775 ;; Data sizes:     COMMON   BANK0   BANK1   BANK2
   776 ;;      Params:         0       0       0       0
   777 ;;      Locals:         0       0       0       0
   778 ;;      Temps:          4       0       0       0
   779 ;;      Totals:         4       0       0       0
   780 ;;Total ram usage:        4 bytes
   781 ;; Hardware stack levels used:    1
   782 ;; Hardware stack levels required when called:    2
   783 ;; This function calls:
   784 ;;		i1_indicateByteSent
   785 ;; This function is called by:
   786 ;;		Interrupt level 1
   787 ;; This function uses a non-reentrant model
   788 ;;
   789                           
   790                           
   791                           ;psect for function _ISR
   792  013F                     _ISR:	
   793                           
   794                           ;main.c: 69: if(RABIF) {
   795  013F  1C0B               	btfss	11,0	;volatile
   796  0140  2945               	goto	i1l53
   797                           
   798                           ;main.c: 70: indicateByteSent();
   799  0141  118A  2083  118A   	fcall	i1_indicateByteSent
   800                           
   801                           ;main.c: 71: RABIF=0;
   802  0144  100B               	bcf	11,0	;volatile
   803  0145                     i1l53:	
   804  0145  0879               	movf	??_ISR+3,w
   805  0146  1283               	bcf	3,5	;RP0=0, select bank0
   806  0147  1303               	bcf	3,6	;RP1=0, select bank0
   807  0148  00FF               	movwf	127
   808  0149  0878               	movf	??_ISR+2,w
   809  014A  008A               	movwf	10
   810  014B  0877               	movf	??_ISR+1,w
   811  014C  0084               	movwf	4
   812  014D  0E76               	swapf	??_ISR^(0+-128),w
   813  014E  0083               	movwf	3
   814  014F  0EFE               	swapf	126,f
   815  0150  0E7E               	swapf	126,w
   816  0151  0009               	retfie
   817  0152                     __end_of_ISR:	
   818                           
   819                           	psect	intentry
   820  0004                     __pintentry:	
   821                           ;incstack = 0
   822                           ; Regs used in _ISR: [wreg+status,2+status,0+pclath+cstack]
   823                           
   824  0004                     interrupt_function:	
   825  007E                     saved_w	set	btemp
   826  0004  00FE               	movwf	btemp
   827  0005  0E03               	swapf	3,w
   828  0006  00F6               	movwf	??_ISR
   829  0007  0804               	movf	4,w
   830  0008  00F7               	movwf	??_ISR+1
   831  0009  080A               	movf	10,w
   832  000A  00F8               	movwf	??_ISR+2
   833  000B  1283               	bcf	3,5	;RP0=0, select bank0
   834  000C  1303               	bcf	3,6	;RP1=0, select bank0
   835  000D  087F               	movf	btemp+1,w
   836  000E  00F9               	movwf	??_ISR+3
   837  000F  118A  293F         	ljmp	_ISR
   838                           
   839                           	psect	text6
   840  0083                     __ptext6:	
   841 ;; *************** function i1_indicateByteSent *****************
   842 ;; Defined at:
   843 ;;		line 53 in file "main.c"
   844 ;; Parameters:    Size  Location     Type
   845 ;;		None
   846 ;; Auto vars:     Size  Location     Type
   847 ;;		None
   848 ;; Return value:  Size  Location     Type
   849 ;;		None               void
   850 ;; Registers used:
   851 ;;		wreg, status,2, status,0, pclath, cstack
   852 ;; Tracked objects:
   853 ;;		On entry : 0/0
   854 ;;		On exit  : 0/0
   855 ;;		Unchanged: 0/0
   856 ;; Data sizes:     COMMON   BANK0   BANK1   BANK2
   857 ;;      Params:         0       0       0       0
   858 ;;      Locals:         0       0       0       0
   859 ;;      Temps:          0       0       0       0
   860 ;;      Totals:         0       0       0       0
   861 ;;Total ram usage:        0 bytes
   862 ;; Hardware stack levels used:    1
   863 ;; Hardware stack levels required when called:    1
   864 ;; This function calls:
   865 ;;		i1_delayms
   866 ;; This function is called by:
   867 ;;		_ISR
   868 ;; This function uses a non-reentrant model
   869 ;;
   870                           
   871                           
   872                           ;psect for function i1_indicateByteSent
   873  0083                     i1_indicateByteSent:	
   874                           
   875                           ;main.c: 54: RC1 = 1;
   876                           
   877                           ;incstack = 0
   878                           ; Regs used in i1_indicateByteSent: [wreg+status,2+status,0+pclath+cstack]
   879  0083  1283               	bcf	3,5	;RP0=0, select bank0
   880  0084  1303               	bcf	3,6	;RP1=0, select bank0
   881  0085  1487               	bsf	7,1	;volatile
   882                           
   883                           ;main.c: 55: delayms(50);
   884  0086  3032               	movlw	50
   885  0087  00F0               	movwf	i1delayms@ms
   886  0088  3000               	movlw	0
   887  0089  00F1               	movwf	i1delayms@ms+1
   888  008A  118A  2117  118A   	fcall	i1_delayms
   889                           
   890                           ;main.c: 56: RC1 = 0;
   891  008D  1283               	bcf	3,5	;RP0=0, select bank0
   892  008E  1303               	bcf	3,6	;RP1=0, select bank0
   893  008F  1087               	bcf	7,1	;volatile
   894                           
   895                           ;main.c: 57: delayms(50);
   896  0090  3032               	movlw	50
   897  0091  00F0               	movwf	i1delayms@ms
   898  0092  3000               	movlw	0
   899  0093  00F1               	movwf	i1delayms@ms+1
   900  0094  118A  2117  118A   	fcall	i1_delayms
   901                           
   902                           ;main.c: 58: RC1 = 1;
   903  0097  1283               	bcf	3,5	;RP0=0, select bank0
   904  0098  1303               	bcf	3,6	;RP1=0, select bank0
   905  0099  1487               	bsf	7,1	;volatile
   906                           
   907                           ;main.c: 59: delayms(50);
   908  009A  3032               	movlw	50
   909  009B  00F0               	movwf	i1delayms@ms
   910  009C  3000               	movlw	0
   911  009D  00F1               	movwf	i1delayms@ms+1
   912  009E  118A  2117  118A   	fcall	i1_delayms
   913                           
   914                           ;main.c: 60: RC1 = 0;
   915  00A1  1283               	bcf	3,5	;RP0=0, select bank0
   916  00A2  1303               	bcf	3,6	;RP1=0, select bank0
   917  00A3  1087               	bcf	7,1	;volatile
   918                           
   919                           ;main.c: 61: delayms(50);
   920  00A4  3032               	movlw	50
   921  00A5  00F0               	movwf	i1delayms@ms
   922  00A6  3000               	movlw	0
   923  00A7  00F1               	movwf	i1delayms@ms+1
   924  00A8  118A  2117  118A   	fcall	i1_delayms
   925                           
   926                           ;main.c: 62: RC1 = 1;
   927  00AB  1283               	bcf	3,5	;RP0=0, select bank0
   928  00AC  1303               	bcf	3,6	;RP1=0, select bank0
   929  00AD  1487               	bsf	7,1	;volatile
   930                           
   931                           ;main.c: 63: delayms(50);
   932  00AE  3032               	movlw	50
   933  00AF  00F0               	movwf	i1delayms@ms
   934  00B0  3000               	movlw	0
   935  00B1  00F1               	movwf	i1delayms@ms+1
   936  00B2  118A  2117         	fcall	i1_delayms
   937                           
   938                           ;main.c: 64: RC1 = 0;
   939  00B4  1283               	bcf	3,5	;RP0=0, select bank0
   940  00B5  1303               	bcf	3,6	;RP1=0, select bank0
   941  00B6  1087               	bcf	7,1	;volatile
   942  00B7  0008               	return
   943  00B8                     __end_ofi1_indicateByteSent:	
   944                           
   945                           	psect	text7
   946  0117                     __ptext7:	
   947 ;; *************** function i1_delayms *****************
   948 ;; Defined at:
   949 ;;		line 42 in file "main.c"
   950 ;; Parameters:    Size  Location     Type
   951 ;;  ms              2    0[COMMON] unsigned int 
   952 ;; Auto vars:     Size  Location     Type
   953 ;;  delayms         2    4[COMMON] unsigned int 
   954 ;;  delayms         2    2[COMMON] unsigned int 
   955 ;; Return value:  Size  Location     Type
   956 ;;		None               void
   957 ;; Registers used:
   958 ;;		wreg, status,2
   959 ;; Tracked objects:
   960 ;;		On entry : 0/0
   961 ;;		On exit  : 0/0
   962 ;;		Unchanged: 0/0
   963 ;; Data sizes:     COMMON   BANK0   BANK1   BANK2
   964 ;;      Params:         2       0       0       0
   965 ;;      Locals:         4       0       0       0
   966 ;;      Temps:          0       0       0       0
   967 ;;      Totals:         6       0       0       0
   968 ;;Total ram usage:        6 bytes
   969 ;; Hardware stack levels used:    1
   970 ;; This function calls:
   971 ;;		Nothing
   972 ;; This function is called by:
   973 ;;		i1_indicateByteSent
   974 ;; This function uses a non-reentrant model
   975 ;;
   976                           
   977                           
   978                           ;psect for function i1_delayms
   979  0117                     i1_delayms:	
   980                           
   981                           ;main.c: 43: uint waitedms = 0;
   982                           
   983                           ;incstack = 0
   984                           ; Regs used in i1_delayms: [wreg+status,2]
   985  0117  01F2               	clrf	i1delayms@waitedms
   986  0118  01F3               	clrf	i1delayms@waitedms+1
   987  0119                     i1l41:	
   988                           ;main.c: 44: while (waitedms < ms){
   989                           
   990  0119  0871               	movf	i1delayms@ms+1,w
   991  011A  0273               	subwf	i1delayms@waitedms+1,w
   992  011B  1D03               	skipz
   993  011C  291F               	goto	u6_25
   994  011D  0870               	movf	i1delayms@ms,w
   995  011E  0272               	subwf	i1delayms@waitedms,w
   996  011F                     u6_25:	
   997  011F  1803               	btfsc	3,0
   998  0120  0008               	return
   999                           
  1000                           ;main.c: 45: for(uint cycles = 0; cycles< 65; cycles++){
  1001  0121  01F4               	clrf	i1delayms@cycles
  1002  0122  01F5               	clrf	i1delayms@cycles+1
  1003  0123  3000               	movlw	0
  1004  0124  0275               	subwf	i1delayms@cycles+1,w
  1005  0125  3041               	movlw	65
  1006  0126  1903               	skipnz
  1007  0127  0274               	subwf	i1delayms@cycles,w
  1008  0128  1803               	btfsc	3,0
  1009  0129  2938               	goto	i1l565
  1010  012A                     i1l43:	
  1011                           
  1012                           ;main.c: 46: __nop();
  1013  012A  0000               	nop
  1014  012B  3001               	movlw	1
  1015  012C  07F4               	addwf	i1delayms@cycles,f
  1016  012D  1803               	skipnc
  1017  012E  0AF5               	incf	i1delayms@cycles+1,f
  1018  012F  3000               	movlw	0
  1019  0130  07F5               	addwf	i1delayms@cycles+1,f
  1020  0131  3000               	movlw	0
  1021  0132  0275               	subwf	i1delayms@cycles+1,w
  1022  0133  3041               	movlw	65
  1023  0134  1903               	skipnz
  1024  0135  0274               	subwf	i1delayms@cycles,w
  1025  0136  1C03               	skipc
  1026  0137  292A               	goto	i1l43
  1027  0138                     i1l565:	
  1028                           
  1029                           ;main.c: 47: }
  1030                           ;main.c: 48: waitedms++;
  1031  0138  3001               	movlw	1
  1032  0139  07F2               	addwf	i1delayms@waitedms,f
  1033  013A  1803               	skipnc
  1034  013B  0AF3               	incf	i1delayms@waitedms+1,f
  1035  013C  3000               	movlw	0
  1036  013D  07F3               	addwf	i1delayms@waitedms+1,f
  1037  013E  2919               	goto	i1l41
  1038  013F                     __end_ofi1_delayms:	
  1039  007E                     btemp	set	126	;btemp
  1040  007E                     wtemp	set	126
  1041  007E                     wtemp0	set	126
  1042  0080                     wtemp1	set	128
  1043  0082                     wtemp2	set	130
  1044  0084                     wtemp3	set	132
  1045  0086                     wtemp4	set	134
  1046  0088                     wtemp5	set	136
  1047  007F                     wtemp6	set	127
  1048  007E                     ttemp	set	126
  1049  007E                     ttemp0	set	126
  1050  0081                     ttemp1	set	129
  1051  0084                     ttemp2	set	132
  1052  0087                     ttemp3	set	135
  1053  007F                     ttemp4	set	127
  1054  007E                     ltemp	set	126
  1055  007E                     ltemp0	set	126
  1056  0082                     ltemp1	set	130
  1057  0086                     ltemp2	set	134
  1058  0080                     ltemp3	set	128


Data Sizes:
    Strings     0
    Constant    0
    Data        0
    BSS         0
    Persistent  0
    Stack       0

Auto Spaces:
    Space          Size  Autos    Used
    COMMON           14     10      10
    BANK0            80     14      14
    BANK1            80      0       0
    BANK2            80      0       0

Pointer List with Targets:

    None.

Critical Paths under _main in COMMON

    None.

Critical Paths under _ISR in COMMON

    i1_indicateByteSent->i1_delayms

Critical Paths under _main in BANK0

    _main->_spi_w
    _spi_w->_delayms
    _indicateByteSent->_delayms

Critical Paths under _ISR in BANK0

    None.

Critical Paths under _main in BANK1

    None.

Critical Paths under _ISR in BANK1

    None.

Critical Paths under _main in BANK2

    None.

Critical Paths under _ISR in BANK2

    None.

Call Graph Tables:

 ---------------------------------------------------------------------------------
 (Depth) Function   	        Calls       Base Space   Used Autos Params    Refs
 ---------------------------------------------------------------------------------
 (0) _main                                                 2     2      0    1213
                                             12 BANK0      2     2      0
                            _display
                              _spi_w
 ---------------------------------------------------------------------------------
 (1) _spi_w                                                7     5      2     682
                                              6 BANK0      6     4      2
                            _delayms
 ---------------------------------------------------------------------------------
 (1) _display                                              1     1      0     485
                                              6 BANK0      1     1      0
                   _indicateByteSent
 ---------------------------------------------------------------------------------
 (2) _indicateByteSent                                     0     0      0     463
                            _delayms
 ---------------------------------------------------------------------------------
 (2) _delayms                                              6     4      2     463
                                              0 BANK0      6     4      2
 ---------------------------------------------------------------------------------
 Estimated maximum stack depth 2
 ---------------------------------------------------------------------------------
 (Depth) Function   	        Calls       Base Space   Used Autos Params    Refs
 ---------------------------------------------------------------------------------
 (4) _ISR                                                  4     4      0     155
                                              6 COMMON     4     4      0
                 i1_indicateByteSent
 ---------------------------------------------------------------------------------
 (5) i1_indicateByteSent                                   0     0      0     155
                          i1_delayms
 ---------------------------------------------------------------------------------
 (6) i1_delayms                                            6     4      2     155
                                              0 COMMON     6     4      2
 ---------------------------------------------------------------------------------
 Estimated maximum stack depth 6
 ---------------------------------------------------------------------------------

 Call Graph Graphs:

 _main (ROOT)
   _display
     _indicateByteSent
       _delayms
   _spi_w
     _delayms

 _ISR (ROOT)
   i1_indicateByteSent
     i1_delayms

 Address spaces:
Name               Size   Autos  Total    Cost      Usage
BITCOMMON            E      0       0       0        0.0%
EEDATA             100      0       0       0        0.0%
NULL                 0      0       0       0        0.0%
CODE                 0      0       0       0        0.0%
COMMON               E      A       A       1       71.4%
BITSFR0              0      0       0       1        0.0%
SFR0                 0      0       0       1        0.0%
BITSFR1              0      0       0       2        0.0%
SFR1                 0      0       0       2        0.0%
STACK                0      0       0       2        0.0%
BANK0               50      E       E       3       17.5%
BITBANK1            50      0       0       4        0.0%
BITSFR3              0      0       0       4        0.0%
SFR3                 0      0       0       4        0.0%
BANK1               50      0       0       5        0.0%
BITSFR2              0      0       0       5        0.0%
SFR2                 0      0       0       5        0.0%
BITBANK2            50      0       0       6        0.0%
BANK2               50      0       0       7        0.0%
ABS                  0      0       0       8        0.0%
BITBANK0            50      0       0       9        0.0%
DATA                 0      0       0      10        0.0%


Microchip Technology PIC Macro Assembler V1.31 build 56723 
Symbol Table                                                                                   Tue Jun 10 01:17:39 2014

                __CFG_CP$OFF 0000                  _SSPSTATbits 0094                           l41 00EF  
                         l43 0100                           l56 00CE                           l59 00DA  
                        l659 0110                          _RC1 0039                          _RC2 003A  
                        u135 00F5                 __CFG_CPD$OFF 0000                          _ISR 013F  
           _indicateByteSent 004E                          fsr0 0004                 __CFG_IESO$ON 0000  
                       ?_ISR 0070                         i1l41 0119                         i1l43 012A  
                       i1l53 0145                         u6_25 011F                __CFG_FCMEN$ON 0000  
                       _main 0016                         btemp 007E                __CFG_BOREN$ON 0000  
                       ltemp 007E                         start 0011                         ttemp 007E  
                       wtemp 007E                __CFG_MCLRE$ON 0000                        ??_ISR 0076  
                      ?_main 0070                __CFG_WDTE$OFF 0000                        _ANSEL 011E  
                      _IOCA2 04B2                        _T2CON 0012                        _RABIF 0058  
                      i1l565 0138                        _TRISA 0085                        _TRISB 0086  
                      _TRISC 0087                        _SSPEN 00A5              __end_of_delayms 0117  
            __end_of_display 015D                  i1delayms@ms 0070                        _spi_w 00B8  
                      pclath 000A                        ltemp0 007E                        ltemp1 0082  
                      ltemp2 0086                        ltemp3 0080                        ttemp0 007E  
                      ttemp1 0081                        ttemp2 0084                        ttemp3 0087  
                      ttemp4 007F                        status 0003                        wtemp0 007E  
                      wtemp1 0080                        wtemp2 0082                        wtemp3 0084  
                      wtemp4 0086                        wtemp5 0088                        wtemp6 007F  
         __size_ofi1_delayms 0028              __initialization 0013                 __end_of_main 004E  
                     ??_main 002C                       ?_spi_w 0026                       _ANSELH 011F  
                     _SSPCON 0014                       _SSPBUF 0013               __CFG_PWRTE$OFF 0000  
              display@answer 0026           i1_indicateByteSent 0083                    ??_delayms 0022  
                  ??_display 0026          ?i1_indicateByteSent 0070                       saved_w 007E  
          __end_ofi1_delayms 013F      __end_of__initialization 0013         ??i1_indicateByteSent 0076  
   __end_of_indicateByteSent 0083               __pcstackCOMMON 0070                __end_of_spi_w 00EB  
                    ??_spi_w 0028                   __pmaintext 0016                   __pintentry 0004  
            delayms@waitedms 0022                      _SSPSTAT 0094                      _delayms 00EB  
                    __ptext0 0000                      __ptext1 00B8                      __ptext2 0152  
                    __ptext3 004E                      __ptext4 00EB                      __ptext5 013F  
                    __ptext6 0083                      __ptext7 0117                      _display 0152  
               __size_of_ISR 0013         end_of_initialization 0013                    _TRISAbits 0085  
                  _TRISBbits 0086                    _TRISCbits 0087                    i1_delayms 0117  
                 main@answer 002D            ?_indicateByteSent 0070           ??_indicateByteSent 0026  
        start_initialization 0013                  __end_of_ISR 0152                   ?i1_delayms 0070  
              delayms@cycles 0024  __size_ofi1_indicateByteSent 0035                    ___latbits 0001  
              __pcstackBANK0 0020                     ?_delayms 0020                     ?_display 0070  
             __size_of_spi_w 0033                  ??i1_delayms 0072            interrupt_function 0004  
                  delayms@ms 0020              i1delayms@cycles 0074                   spi_w@byte1 002A  
                 spi_w@byte2 002B             __size_of_delayms 002C    __size_of_indicateByteSent 0035  
           __size_of_display 000B                __size_of_main 0038                    spi_w@data 0026  
                  spi_w@ret1 0029                     intlevel1 0000   __end_ofi1_indicateByteSent 00B8  
          i1delayms@waitedms 0072           __CFG_FOSC$EXTRCCLK 0000  
