

Microchip Technology PIC LITE Macro Assembler V1.31 build 56723 
                                                                                               Wed Jun  4 22:48:14 2014

Microchip Technology Omniscient Code Generator (Lite mode) build 56723
     1                           	processor	16F690
     2                           	opt	pw 120
     3                           	opt	lm
     4                           	psect	text0,local,class=CODE,merge=1,delta=2
     5                           	psect	cinit,global,class=CODE,merge=1,delta=2
     6                           	psect	cstackCOMMON,global,class=COMMON,space=1,delta=1
     7                           	psect	maintext,global,class=CODE,split=1,delta=2
     8                           	psect	text1,local,class=CODE,merge=1,delta=2
     9                           	psect	text2,local,class=CODE,merge=1,delta=2
    10                           	psect	text3,local,class=CODE,merge=1,delta=2
    11                           	dabs	1,0x7E,2
    12  0000                     	;# 
    13  0001                     	;# 
    14  0002                     	;# 
    15  0003                     	;# 
    16  0004                     	;# 
    17  0005                     	;# 
    18  0006                     	;# 
    19  0007                     	;# 
    20  000A                     	;# 
    21  000B                     	;# 
    22  000C                     	;# 
    23  000D                     	;# 
    24  000E                     	;# 
    25  000E                     	;# 
    26  000F                     	;# 
    27  0010                     	;# 
    28  0011                     	;# 
    29  0012                     	;# 
    30  0013                     	;# 
    31  0014                     	;# 
    32  0015                     	;# 
    33  0015                     	;# 
    34  0016                     	;# 
    35  0017                     	;# 
    36  0018                     	;# 
    37  0019                     	;# 
    38  001A                     	;# 
    39  001C                     	;# 
    40  001D                     	;# 
    41  001E                     	;# 
    42  001F                     	;# 
    43  0081                     	;# 
    44  0085                     	;# 
    45  0086                     	;# 
    46  0087                     	;# 
    47  008C                     	;# 
    48  008D                     	;# 
    49  008E                     	;# 
    50  008F                     	;# 
    51  0090                     	;# 
    52  0092                     	;# 
    53  0093                     	;# 
    54  0093                     	;# 
    55  0093                     	;# 
    56  0094                     	;# 
    57  0095                     	;# 
    58  0095                     	;# 
    59  0096                     	;# 
    60  0096                     	;# 
    61  0097                     	;# 
    62  0098                     	;# 
    63  0099                     	;# 
    64  009A                     	;# 
    65  009B                     	;# 
    66  009E                     	;# 
    67  009F                     	;# 
    68  010C                     	;# 
    69  010C                     	;# 
    70  010D                     	;# 
    71  010E                     	;# 
    72  010F                     	;# 
    73  0115                     	;# 
    74  0116                     	;# 
    75  0118                     	;# 
    76  0119                     	;# 
    77  011A                     	;# 
    78  011B                     	;# 
    79  011E                     	;# 
    80  011F                     	;# 
    81  018C                     	;# 
    82  018D                     	;# 
    83  019D                     	;# 
    84  019E                     	;# 
    85  0013                     _SSPBUF	set	19
    86  0014                     _SSPCON	set	20
    87  0039                     _RC1	set	57
    88  003E                     _RC6	set	62
    89  00A5                     _SSPEN	set	165
    90  0063                     _SSPIF	set	99
    91  0094                     _SSPSTAT	set	148
    92  0085                     _TRISA	set	133
    93  0086                     _TRISB	set	134
    94  0086                     _TRISBbits	set	134
    95  0087                     _TRISC	set	135
    96  0087                     _TRISCbits	set	135
    97  011E                     _ANSEL	set	286
    98                           
    99                           	psect	text0
   100  0000                     __ptext0:	
   101                           ; #config settings
   102                           
   103                           
   104                           ;psect for function _display
   105  0000                     
   106                           	psect	cinit
   107  07FD                     start_initialization:	
   108  07FD                     __initialization:	
   109  07FD                     end_of_initialization:	
   110                           ;End of C runtime variable initialization code
   111                           
   112  07FD                     __end_of__initialization:	
   113  07FD  0183               	clrf	3
   114  07FE  118A  2F5D         	ljmp	_main	;jump to C main() function
   115                           
   116                           	psect	cstackCOMMON
   117  0071                     __pcstackCOMMON:	
   118  0071                     ?_indicateByteSent:	
   119  0071                     ??_indicateByteSent:	
   120                           ; 0 bytes @ 0x0
   121                           
   122  0071                     ?_display:	
   123                           ; 0 bytes @ 0x0
   124                           
   125  0071                     ??_display:	
   126                           ; 0 bytes @ 0x0
   127                           
   128  0071                     ?_main:	
   129                           ; 0 bytes @ 0x0
   130                           
   131                           
   132                           ; 0 bytes @ 0x0
   133  0071                     	ds	2
   134  0073                     ?_spi_w:	
   135  0073                     spi_w@data:	
   136                           ; 2 bytes @ 0x2
   137                           
   138                           
   139                           ; 2 bytes @ 0x2
   140  0073                     	ds	1
   141  0074                     display@answer:	
   142                           
   143                           ; 1 bytes @ 0x3
   144  0074                     	ds	1
   145  0075                     ??_spi_w:	
   146  0075                     display@n:	
   147                           ; 0 bytes @ 0x4
   148                           
   149                           
   150                           ; 1 bytes @ 0x4
   151  0075                     	ds	2
   152  0077                     spi_w@ret2:	
   153                           
   154                           ; 1 bytes @ 0x6
   155  0077                     	ds	1
   156  0078                     spi_w@ret1:	
   157                           
   158                           ; 1 bytes @ 0x7
   159  0078                     	ds	1
   160  0079                     spi_w@byte1:	
   161                           
   162                           ; 1 bytes @ 0x8
   163  0079                     	ds	1
   164  007A                     spi_w@byte2:	
   165                           
   166                           ; 1 bytes @ 0x9
   167  007A                     	ds	1
   168  007B                     ??_main:	
   169                           
   170                           ; 0 bytes @ 0xA
   171  007B                     	ds	1
   172  007C                     main@answer:	
   173                           
   174                           ; 1 bytes @ 0xB
   175  007C                     	ds	1
   176                           
   177                           	psect	maintext
   178  075D                     __pmaintext:	
   179 ;;
   180 ;;Main: autosize = 0, tempsize = 1, incstack = 0, save=0
   181 ;;
   182 ;; *************** function _main *****************
   183 ;; Defined at:
   184 ;;		line 90 in file "main.c"
   185 ;; Parameters:    Size  Location     Type
   186 ;;		None
   187 ;; Auto vars:     Size  Location     Type
   188 ;;  answer          1   11[COMMON] unsigned char 
   189 ;; Return value:  Size  Location     Type
   190 ;;		None               void
   191 ;; Registers used:
   192 ;;		wreg, status,2, status,0, pclath, cstack
   193 ;; Tracked objects:
   194 ;;		On entry : 17F/0
   195 ;;		On exit  : 0/0
   196 ;;		Unchanged: 0/0
   197 ;; Data sizes:     COMMON   BANK0   BANK1   BANK2
   198 ;;      Params:         0       0       0       0
   199 ;;      Locals:         1       0       0       0
   200 ;;      Temps:          1       0       0       0
   201 ;;      Totals:         2       0       0       0
   202 ;;Total ram usage:        2 bytes
   203 ;; Hardware stack levels required when called:    2
   204 ;; This function calls:
   205 ;;		_display
   206 ;;		_spi_w
   207 ;; This function is called by:
   208 ;;		Startup code after reset
   209 ;; This function uses a non-reentrant model
   210 ;;
   211                           
   212                           
   213                           ;psect for function _main
   214  075D                     _main:	
   215                           
   216                           ;main.c: 93: TRISA = 0x0;
   217                           
   218                           ;incstack = 0
   219                           ; Regs used in _main: [wreg+status,2+status,0+pclath+cstack]
   220  075D  1683               	bsf	3,5	;RP0=1, select bank1
   221  075E  1303               	bcf	3,6	;RP1=0, select bank1
   222  075F  0185               	clrf	5	;volatile
   223                           
   224                           ;main.c: 94: TRISB = 0x0;
   225  0760  0186               	clrf	6	;volatile
   226                           
   227                           ;main.c: 95: TRISC = 0x0;
   228  0761  0187               	clrf	7	;volatile
   229                           
   230                           ;main.c: 96: TRISBbits.TRISB6 = 0;
   231  0762  1306               	bcf	6,6	;volatile
   232                           
   233                           ;main.c: 97: TRISBbits.TRISB4 = 0;
   234  0763  1206               	bcf	6,4	;volatile
   235                           
   236                           ;main.c: 98: TRISCbits.TRISC7 = 1;
   237  0764  1787               	bsf	7,7	;volatile
   238                           
   239                           ;main.c: 99: TRISCbits.TRISC6 = 0;
   240  0765  1307               	bcf	7,6	;volatile
   241                           
   242                           ;main.c: 102: SSPEN = 0;
   243  0766  1283               	bcf	3,5	;RP0=0, select bank0
   244  0767  1303               	bcf	3,6	;RP1=0, select bank0
   245  0768  1294               	bcf	20,5	;volatile
   246                           
   247                           ;main.c: 103: SSPSTAT=0b01000000;
   248  0769  3040               	movlw	64
   249  076A  1683               	bsf	3,5	;RP0=1, select bank1
   250  076B  1303               	bcf	3,6	;RP1=0, select bank1
   251  076C  0094               	movwf	20	;volatile
   252                           
   253                           ;main.c: 104: SSPCON=0b00100010;
   254  076D  3022               	movlw	34
   255  076E  1283               	bcf	3,5	;RP0=0, select bank0
   256  076F  1303               	bcf	3,6	;RP1=0, select bank0
   257  0770  0094               	movwf	20	;volatile
   258                           
   259                           ;main.c: 105: SSPEN = 1;
   260  0771  1694               	bsf	20,5	;volatile
   261                           
   262                           ;main.c: 106: SSPIF = 1;
   263  0772  158C               	bsf	12,3	;volatile
   264                           
   265                           ;main.c: 108: ANSEL = 0X0;
   266  0773  1283               	bcf	3,5	;RP0=0, select bank2
   267  0774  1703               	bsf	3,6	;RP1=1, select bank2
   268  0775  019E               	clrf	30	;volatile
   269  0776                     l581:	
   270                           ;main.c: 110: uchar answer;
   271                           ;main.c: 127: while(1)
   272                           
   273                           
   274                           ;main.c: 128: {
   275                           ;main.c: 129: answer = spi_w(0x0000);
   276  0776  3000               	movlw	0
   277  0777  00F3               	movwf	spi_w@data
   278  0778  3000               	movlw	0
   279  0779  00F4               	movwf	spi_w@data+1
   280  077A  118A  2735  118A   	fcall	_spi_w
   281  077D  0873               	movf	?_spi_w,w
   282  077E  00FB               	movwf	??_main
   283  077F  087B               	movf	??_main,w
   284  0780  00FC               	movwf	main@answer
   285                           
   286                           ;main.c: 131: display(answer);
   287  0781  087C               	movf	main@answer,w
   288  0782  118A  2786  118A   	fcall	_display
   289  0785  2F76               	goto	l581
   290  0786                     __end_of_main:	
   291                           
   292                           	psect	text1
   293  0735                     __ptext1:	
   294 ;; *************** function _spi_w *****************
   295 ;; Defined at:
   296 ;;		line 54 in file "main.c"
   297 ;; Parameters:    Size  Location     Type
   298 ;;  data            2    2[COMMON] unsigned int 
   299 ;; Auto vars:     Size  Location     Type
   300 ;;  byte2           1    9[COMMON] unsigned char 
   301 ;;  byte1           1    8[COMMON] unsigned char 
   302 ;;  ret1            1    7[COMMON] unsigned char 
   303 ;;  ret2            1    6[COMMON] unsigned char 
   304 ;; Return value:  Size  Location     Type
   305 ;;                  2    2[COMMON] unsigned int 
   306 ;; Registers used:
   307 ;;		wreg, status,2, status,0, pclath, cstack
   308 ;; Tracked objects:
   309 ;;		On entry : 0/0
   310 ;;		On exit  : 0/0
   311 ;;		Unchanged: 0/0
   312 ;; Data sizes:     COMMON   BANK0   BANK1   BANK2
   313 ;;      Params:         2       0       0       0
   314 ;;      Locals:         4       0       0       0
   315 ;;      Temps:          2       0       0       0
   316 ;;      Totals:         8       0       0       0
   317 ;;Total ram usage:        8 bytes
   318 ;; Hardware stack levels used:    1
   319 ;; Hardware stack levels required when called:    1
   320 ;; This function calls:
   321 ;;		_indicateByteSent
   322 ;; This function is called by:
   323 ;;		_main
   324 ;; This function uses a non-reentrant model
   325 ;;
   326                           
   327                           
   328                           ;psect for function _spi_w
   329  0735                     _spi_w:	
   330                           
   331                           ;main.c: 55: uchar ret1;
   332                           ;main.c: 56: uchar ret2;
   333                           ;main.c: 57: uchar byte1 = ((data & 0xFF00) >> 8);
   334                           
   335                           ;incstack = 0
   336                           ; Regs used in _spi_w: [wreg+status,2+status,0+pclath+cstack]
   337  0735  0874               	movf	spi_w@data+1,w
   338  0736  00F5               	movwf	??_spi_w
   339  0737  0875               	movf	??_spi_w,w
   340  0738  00F9               	movwf	spi_w@byte1
   341                           
   342                           ;main.c: 58: uchar byte2 = data & 0x00FF;
   343  0739  0873               	movf	spi_w@data,w
   344  073A  00F5               	movwf	??_spi_w
   345  073B  0875               	movf	??_spi_w,w
   346  073C  00FA               	movwf	spi_w@byte2
   347                           
   348                           ;main.c: 60: RC6=0;
   349  073D  1283               	bcf	3,5	;RP0=0, select bank0
   350  073E  1303               	bcf	3,6	;RP1=0, select bank0
   351  073F  1307               	bcf	7,6	;volatile
   352  0740                     l34:	
   353                           ;main.c: 61: while (!SSPIF);
   354                           
   355  0740  1D8C               	btfss	12,3	;volatile
   356  0741  2F40               	goto	l34
   357                           
   358                           ;main.c: 62: SSPBUF=byte1;
   359  0742  0879               	movf	spi_w@byte1,w
   360  0743  0093               	movwf	19	;volatile
   361  0744                     l37:	
   362                           ;main.c: 63: while (!SSPIF);
   363                           
   364  0744  1D8C               	btfss	12,3	;volatile
   365  0745  2F44               	goto	l37
   366                           
   367                           ;main.c: 64: ret1=SSPBUF;
   368  0746  0813               	movf	19,w	;volatile
   369  0747  00F5               	movwf	??_spi_w
   370  0748  0875               	movf	??_spi_w,w
   371  0749  00F8               	movwf	spi_w@ret1
   372                           
   373                           ;main.c: 65: SSPBUF=byte2;
   374  074A  087A               	movf	spi_w@byte2,w
   375  074B  0093               	movwf	19	;volatile
   376  074C                     l40:	
   377                           ;main.c: 66: while (!SSPIF);
   378                           
   379  074C  1D8C               	btfss	12,3	;volatile
   380  074D  2F4C               	goto	l40
   381                           
   382                           ;main.c: 67: ret2=SSPBUF;
   383  074E  0813               	movf	19,w	;volatile
   384  074F  00F5               	movwf	??_spi_w
   385  0750  0875               	movf	??_spi_w,w
   386  0751  00F7               	movwf	spi_w@ret2
   387                           
   388                           ;main.c: 68: RC6=1;
   389  0752  1707               	bsf	7,6	;volatile
   390                           
   391                           ;main.c: 70: indicateByteSent();
   392  0753  118A  27BD         	fcall	_indicateByteSent
   393                           
   394                           ;main.c: 72: return ret1;
   395  0755  0878               	movf	spi_w@ret1,w
   396  0756  00F5               	movwf	??_spi_w
   397  0757  01F6               	clrf	??_spi_w+1
   398  0758  0875               	movf	??_spi_w,w
   399  0759  00F3               	movwf	?_spi_w
   400  075A  0876               	movf	??_spi_w+1,w
   401  075B  00F4               	movwf	?_spi_w+1
   402  075C  0008               	return
   403  075D                     __end_of_spi_w:	
   404                           
   405                           	psect	text2
   406  07BD                     __ptext2:	
   407 ;; *************** function _indicateByteSent *****************
   408 ;; Defined at:
   409 ;;		line 40 in file "main.c"
   410 ;; Parameters:    Size  Location     Type
   411 ;;		None
   412 ;; Auto vars:     Size  Location     Type
   413 ;;		None
   414 ;; Return value:  Size  Location     Type
   415 ;;		None               void
   416 ;; Registers used:
   417 ;;		wreg
   418 ;; Tracked objects:
   419 ;;		On entry : 0/0
   420 ;;		On exit  : 0/0
   421 ;;		Unchanged: 0/0
   422 ;; Data sizes:     COMMON   BANK0   BANK1   BANK2
   423 ;;      Params:         0       0       0       0
   424 ;;      Locals:         0       0       0       0
   425 ;;      Temps:          2       0       0       0
   426 ;;      Totals:         2       0       0       0
   427 ;;Total ram usage:        2 bytes
   428 ;; Hardware stack levels used:    1
   429 ;; This function calls:
   430 ;;		Nothing
   431 ;; This function is called by:
   432 ;;		_spi_w
   433 ;; This function uses a non-reentrant model
   434 ;;
   435                           
   436                           
   437                           ;psect for function _indicateByteSent
   438  07BD                     _indicateByteSent:	
   439                           
   440                           ;main.c: 41: RC1 = 1;
   441                           
   442                           ;incstack = 0
   443                           ; Regs used in _indicateByteSent: [wreg]
   444  07BD  1283               	bcf	3,5	;RP0=0, select bank0
   445  07BE  1303               	bcf	3,6	;RP1=0, select bank0
   446  07BF  1487               	bsf	7,1	;volatile
   447                           
   448                           ;main.c: 42: _delay((unsigned long)((50)*(4000000/4000.0)));
   449  07C0  3041               	movlw	65
   450  07C1  00F2               	movwf	??_indicateByteSent+1
   451  07C2  30EE               	movlw	238
   452  07C3  00F1               	movwf	??_indicateByteSent
   453  07C4                     u67:	
   454  07C4  0BF1               	decfsz	??_indicateByteSent,f
   455  07C5  2FC4               	goto	u67
   456  07C6  0BF2               	decfsz	??_indicateByteSent+1,f
   457  07C7  2FC4               	goto	u67
   458  07C8  0000               	nop
   459                           
   460                           ;main.c: 43: RC1 = 0;
   461  07C9  1283               	bcf	3,5	;RP0=0, select bank0
   462  07CA  1303               	bcf	3,6	;RP1=0, select bank0
   463  07CB  1087               	bcf	7,1	;volatile
   464                           
   465                           ;main.c: 44: _delay((unsigned long)((50)*(4000000/4000.0)));
   466  07CC  3041               	movlw	65
   467  07CD  00F2               	movwf	??_indicateByteSent+1
   468  07CE  30EE               	movlw	238
   469  07CF  00F1               	movwf	??_indicateByteSent
   470  07D0                     u77:	
   471  07D0  0BF1               	decfsz	??_indicateByteSent,f
   472  07D1  2FD0               	goto	u77
   473  07D2  0BF2               	decfsz	??_indicateByteSent+1,f
   474  07D3  2FD0               	goto	u77
   475  07D4  0000               	nop
   476                           
   477                           ;main.c: 45: RC1 = 1;
   478  07D5  1283               	bcf	3,5	;RP0=0, select bank0
   479  07D6  1303               	bcf	3,6	;RP1=0, select bank0
   480  07D7  1487               	bsf	7,1	;volatile
   481                           
   482                           ;main.c: 46: _delay((unsigned long)((50)*(4000000/4000.0)));
   483  07D8  3041               	movlw	65
   484  07D9  00F2               	movwf	??_indicateByteSent+1
   485  07DA  30EE               	movlw	238
   486  07DB  00F1               	movwf	??_indicateByteSent
   487  07DC                     u87:	
   488  07DC  0BF1               	decfsz	??_indicateByteSent,f
   489  07DD  2FDC               	goto	u87
   490  07DE  0BF2               	decfsz	??_indicateByteSent+1,f
   491  07DF  2FDC               	goto	u87
   492  07E0  0000               	nop
   493                           
   494                           ;main.c: 47: RC1 = 0;
   495  07E1  1283               	bcf	3,5	;RP0=0, select bank0
   496  07E2  1303               	bcf	3,6	;RP1=0, select bank0
   497  07E3  1087               	bcf	7,1	;volatile
   498                           
   499                           ;main.c: 48: _delay((unsigned long)((50)*(4000000/4000.0)));
   500  07E4  3041               	movlw	65
   501  07E5  00F2               	movwf	??_indicateByteSent+1
   502  07E6  30EE               	movlw	238
   503  07E7  00F1               	movwf	??_indicateByteSent
   504  07E8                     u97:	
   505  07E8  0BF1               	decfsz	??_indicateByteSent,f
   506  07E9  2FE8               	goto	u97
   507  07EA  0BF2               	decfsz	??_indicateByteSent+1,f
   508  07EB  2FE8               	goto	u97
   509  07EC  0000               	nop
   510                           
   511                           ;main.c: 49: RC1 = 1;
   512  07ED  1283               	bcf	3,5	;RP0=0, select bank0
   513  07EE  1303               	bcf	3,6	;RP1=0, select bank0
   514  07EF  1487               	bsf	7,1	;volatile
   515                           
   516                           ;main.c: 50: _delay((unsigned long)((50)*(4000000/4000.0)));
   517  07F0  3041               	movlw	65
   518  07F1  00F2               	movwf	??_indicateByteSent+1
   519  07F2  30EE               	movlw	238
   520  07F3  00F1               	movwf	??_indicateByteSent
   521  07F4                     u107:	
   522  07F4  0BF1               	decfsz	??_indicateByteSent,f
   523  07F5  2FF4               	goto	u107
   524  07F6  0BF2               	decfsz	??_indicateByteSent+1,f
   525  07F7  2FF4               	goto	u107
   526  07F8  0000               	nop
   527                           
   528                           ;main.c: 51: RC1 = 0;
   529  07F9  1283               	bcf	3,5	;RP0=0, select bank0
   530  07FA  1303               	bcf	3,6	;RP1=0, select bank0
   531  07FB  1087               	bcf	7,1	;volatile
   532  07FC  0008               	return
   533  07FD                     __end_of_indicateByteSent:	
   534                           
   535                           	psect	text3
   536  0786                     __ptext3:	
   537 ;; *************** function _display *****************
   538 ;; Defined at:
   539 ;;		line 75 in file "main.c"
   540 ;; Parameters:    Size  Location     Type
   541 ;;  answer          1    wreg     unsigned char 
   542 ;; Auto vars:     Size  Location     Type
   543 ;;  answer          1    3[COMMON] unsigned char 
   544 ;;  n               1    4[COMMON] unsigned char 
   545 ;; Return value:  Size  Location     Type
   546 ;;		None               void
   547 ;; Registers used:
   548 ;;		wreg, status,2, status,0
   549 ;; Tracked objects:
   550 ;;		On entry : 0/0
   551 ;;		On exit  : 0/0
   552 ;;		Unchanged: 0/0
   553 ;; Data sizes:     COMMON   BANK0   BANK1   BANK2
   554 ;;      Params:         0       0       0       0
   555 ;;      Locals:         2       0       0       0
   556 ;;      Temps:          3       0       0       0
   557 ;;      Totals:         5       0       0       0
   558 ;;Total ram usage:        5 bytes
   559 ;; Hardware stack levels used:    1
   560 ;; This function calls:
   561 ;;		Nothing
   562 ;; This function is called by:
   563 ;;		_main
   564 ;; This function uses a non-reentrant model
   565 ;;
   566                           
   567                           
   568                           ;psect for function _display
   569  0786                     _display:	
   570                           
   571                           ;incstack = 0
   572                           ; Regs used in _display: [wreg+status,2+status,0]
   573                           ;display@answer stored from wreg
   574  0786  00F4               	movwf	display@answer
   575                           
   576                           ;main.c: 76: uchar n = 8;
   577  0787  3008               	movlw	8
   578  0788  00F1               	movwf	??_display
   579  0789  0871               	movf	??_display,w
   580  078A  00F5               	movwf	display@n
   581  078B                     l557:	
   582                           ;main.c: 77: while (n--){
   583                           
   584  078B  3001               	movlw	1
   585  078C  02F5               	subwf	display@n,f
   586  078D  0875               	movf	display@n,w
   587  078E  3AFF               	xorlw	255
   588  078F  1903               	btfsc	3,2
   589  0790  2FAF               	goto	l559
   590                           
   591                           ;main.c: 78: RC1 = 0;
   592  0791  1283               	bcf	3,5	;RP0=0, select bank0
   593  0792  1303               	bcf	3,6	;RP1=0, select bank0
   594  0793  1087               	bcf	7,1	;volatile
   595                           
   596                           ;main.c: 79: _delay((unsigned long)((400)*(4000000/4000.0)));
   597  0794  3003               	movlw	3
   598  0795  00F3               	movwf	??_display+2
   599  0796  3008               	movlw	8
   600  0797  00F2               	movwf	??_display+1
   601  0798  3078               	movlw	120
   602  0799  00F1               	movwf	??_display
   603  079A                     u117:	
   604  079A  0BF1               	decfsz	??_display,f
   605  079B  2F9A               	goto	u117
   606  079C  0BF2               	decfsz	??_display+1,f
   607  079D  2F9A               	goto	u117
   608  079E  0BF3               	decfsz	??_display+2,f
   609  079F  2F9A               	goto	u117
   610                           
   611                           ;main.c: 80: if (answer & 1) {
   612  07A0  1C74               	btfss	display@answer,0
   613  07A1  2FA5               	goto	l555
   614                           
   615                           ;main.c: 81: RC1 = 1;
   616  07A2  1283               	bcf	3,5	;RP0=0, select bank0
   617  07A3  1303               	bcf	3,6	;RP1=0, select bank0
   618  07A4  1487               	bsf	7,1	;volatile
   619  07A5                     l555:	
   620                           
   621                           ;main.c: 82: }
   622                           ;main.c: 83: _delay((unsigned long)((100)*(4000000/4000.0)));
   623  07A5  3082               	movlw	130
   624  07A6  00F2               	movwf	??_display+1
   625  07A7  30DD               	movlw	221
   626  07A8  00F1               	movwf	??_display
   627  07A9                     u127:	
   628  07A9  0BF1               	decfsz	??_display,f
   629  07AA  2FA9               	goto	u127
   630  07AB  0BF2               	decfsz	??_display+1,f
   631  07AC  2FA9               	goto	u127
   632  07AD  2FAE               	nop2
   633  07AE  2F8B               	goto	l557
   634  07AF                     l559:	
   635                           
   636                           ;main.c: 85: }
   637                           ;main.c: 86: _delay((unsigned long)((1000)*(4000000/4000.0)));
   638  07AF  3006               	movlw	6
   639  07B0  00F3               	movwf	??_display+2
   640  07B1  3013               	movlw	19
   641  07B2  00F2               	movwf	??_display+1
   642  07B3  30B1               	movlw	177
   643  07B4  00F1               	movwf	??_display
   644  07B5                     u137:	
   645  07B5  0BF1               	decfsz	??_display,f
   646  07B6  2FB5               	goto	u137
   647  07B7  0BF2               	decfsz	??_display+1,f
   648  07B8  2FB5               	goto	u137
   649  07B9  0BF3               	decfsz	??_display+2,f
   650  07BA  2FB5               	goto	u137
   651  07BB  2FBC               	nop2
   652  07BC  0008               	return
   653  07BD                     __end_of_display:	
   654  007E                     btemp	set	126	;btemp
   655  007E                     wtemp	set	126
   656  007E                     wtemp0	set	126
   657  0080                     wtemp1	set	128
   658  0082                     wtemp2	set	130
   659  0084                     wtemp3	set	132
   660  0086                     wtemp4	set	134
   661  0088                     wtemp5	set	136
   662  007F                     wtemp6	set	127
   663  007E                     ttemp	set	126
   664  007E                     ttemp0	set	126
   665  0081                     ttemp1	set	129
   666  0084                     ttemp2	set	132
   667  0087                     ttemp3	set	135
   668  007F                     ttemp4	set	127
   669  007E                     ltemp	set	126
   670  007E                     ltemp0	set	126
   671  0082                     ltemp1	set	130
   672  0086                     ltemp2	set	134
   673  0080                     ltemp3	set	128


Data Sizes:
    Strings     0
    Constant    0
    Data        0
    BSS         0
    Persistent  0
    Stack       0

Auto Spaces:
    Space          Size  Autos    Used
    COMMON           13     12      12
    BANK0            80      0       0
    BANK1            80      0       0
    BANK2            69      0       0

Pointer List with Targets:

    None.

Critical Paths under _main in COMMON

    _main->_spi_w
    _spi_w->_indicateByteSent

Critical Paths under _main in BANK0

    None.

Critical Paths under _main in BANK1

    None.

Critical Paths under _main in BANK2

    None.

Call Graph Tables:

 ---------------------------------------------------------------------------------
 (Depth) Function   	        Calls       Base Space   Used Autos Params    Refs
 ---------------------------------------------------------------------------------
 (0) _main                                                 2     2      0     163
                                             10 COMMON     2     2      0
                            _display
                              _spi_w
 ---------------------------------------------------------------------------------
 (1) _spi_w                                                8     6      2     118
                                              2 COMMON     8     6      2
                   _indicateByteSent
 ---------------------------------------------------------------------------------
 (2) _indicateByteSent                                     2     2      0       0
                                              0 COMMON     2     2      0
 ---------------------------------------------------------------------------------
 (1) _display                                              5     5      0      30
                                              0 COMMON     5     5      0
 ---------------------------------------------------------------------------------
 Estimated maximum stack depth 2
 ---------------------------------------------------------------------------------

 Call Graph Graphs:

 _main (ROOT)
   _display
   _spi_w
     _indicateByteSent

 Address spaces:
Name               Size   Autos  Total    Cost      Usage
BITCOMMON            D      0       0       0        0.0%
EEDATA             100      0       0       0        0.0%
NULL                 0      0       0       0        0.0%
CODE                 0      0       0       0        0.0%
COMMON               D      C       C       1       92.3%
BITSFR0              0      0       0       1        0.0%
SFR0                 0      0       0       1        0.0%
BITSFR1              0      0       0       2        0.0%
SFR1                 0      0       0       2        0.0%
STACK                0      0       0       2        0.0%
BANK0               50      0       0       3        0.0%
BITSFR3              0      0       0       4        0.0%
SFR3                 0      0       0       4        0.0%
ABS                  0      0       0       4        0.0%
BITBANK0            50      0       0       5        0.0%
BITSFR2              0      0       0       5        0.0%
SFR2                 0      0       0       5        0.0%
BITBANK1            50      0       0       6        0.0%
BANK1               50      0       0       7        0.0%
BITBANK2            45      0       0       8        0.0%
BANK2               45      0       0       9        0.0%
DATA                 0      0       0      10        0.0%


Microchip Technology PIC Macro Assembler V1.31 build 56723 
Symbol Table                                                                                   Wed Jun  4 22:48:14 2014

              __CFG_CP$OFF 0000                         l40 074C                         l34 0740  
                       l37 0744                         u67 07C4                         u77 07D0  
                       u87 07DC                         u97 07E8                        l555 07A5  
                      l557 078B                        l581 0776                        l559 07AF  
                      _RC1 0039                        _RC6 003E                        u107 07F4  
                      u117 079A                        u127 07A9                        u137 07B5  
             __CFG_CPD$OFF 0000           _indicateByteSent 07BD               __CFG_IESO$ON 0000  
            __CFG_FCMEN$ON 0000                       _main 075D                       btemp 007E  
            __CFG_BOREN$ON 0000                       ltemp 007E                       start 0001  
                     ttemp 007E                       wtemp 007E              __CFG_MCLRE$ON 0000  
                    ?_main 0071              __CFG_WDTE$OFF 0000                      _ANSEL 011E  
                    _TRISA 0085                      _TRISB 0086                      _TRISC 0087  
                    _SSPIF 0063                      _SSPEN 00A5            __end_of_display 07BD  
                    _spi_w 0735                      ltemp0 007E                      ltemp1 0082  
                    ltemp2 0086                      ltemp3 0080                      ttemp0 007E  
                    ttemp1 0081                      ttemp2 0084                      ttemp3 0087  
                    ttemp4 007F                      status 0003                      wtemp0 007E  
                    wtemp1 0080                      wtemp2 0082                      wtemp3 0084  
                    wtemp4 0086                      wtemp5 0088                      wtemp6 007F  
          __initialization 07FD               __end_of_main 0786                     ??_main 007B  
                   ?_spi_w 0073                     _SSPCON 0014                     _SSPBUF 0013  
           __CFG_PWRTE$OFF 0000              display@answer 0074                  ??_display 0071  
  __end_of__initialization 07FD   __end_of_indicateByteSent 07FD             __pcstackCOMMON 0071  
            __end_of_spi_w 075D                    ??_spi_w 0075                 __pmaintext 075D  
                  _SSPSTAT 0094                    __ptext0 0000                    __ptext1 0735  
                  __ptext2 07BD                    __ptext3 0786                    _display 0786  
     end_of_initialization 07FD                  _TRISBbits 0086                  _TRISCbits 0087  
               main@answer 007C          ?_indicateByteSent 0071         ??_indicateByteSent 0071  
      start_initialization 07FD                  ___latbits 0001                   ?_display 0071  
           __size_of_spi_w 0028                 spi_w@byte1 0079                 spi_w@byte2 007A  
__size_of_indicateByteSent 0040           __size_of_display 0037              __size_of_main 0029  
                spi_w@data 0073                  spi_w@ret1 0078                  spi_w@ret2 0077  
                 display@n 0075         __CFG_FOSC$EXTRCCLK 0000  
