

Microchip Technology PIC LITE Macro Assembler V1.31 build 56723 
                                                                                               Tue Jun 10 01:26:05 2014

Microchip Technology Omniscient Code Generator (Lite mode) build 56723
     1                           	processor	16F690
     2                           	opt	pw 120
     3                           	opt	lm
     4                           	psect	text0,local,class=CODE,merge=1,delta=2
     5                           	psect	cinit,global,class=CODE,merge=1,delta=2
     6                           	psect	cstackCOMMON,global,class=COMMON,space=1,delta=1
     7                           	psect	cstackBANK0,global,class=BANK0,space=1,delta=1
     8                           	psect	maintext,global,class=CODE,split=1,delta=2
     9                           	psect	text1,local,class=CODE,merge=1,delta=2
    10                           	psect	text2,local,class=CODE,merge=1,delta=2
    11                           	psect	text3,local,class=CODE,merge=1,delta=2
    12                           	psect	text4,local,class=CODE,merge=1,delta=2
    13                           	psect	text5,local,class=CODE,merge=1,delta=2
    14                           	psect	intentry,global,class=CODE,delta=2
    15                           	psect	text6,local,class=CODE,merge=1,delta=2
    16                           	psect	text7,local,class=CODE,merge=1,delta=2
    17                           	dabs	1,0x7E,2
    18  0000                     	;# 
    19  0001                     	;# 
    20  0002                     	;# 
    21  0003                     	;# 
    22  0004                     	;# 
    23  0005                     	;# 
    24  0006                     	;# 
    25  0007                     	;# 
    26  000A                     	;# 
    27  000B                     	;# 
    28  000C                     	;# 
    29  000D                     	;# 
    30  000E                     	;# 
    31  000E                     	;# 
    32  000F                     	;# 
    33  0010                     	;# 
    34  0011                     	;# 
    35  0012                     	;# 
    36  0013                     	;# 
    37  0014                     	;# 
    38  0015                     	;# 
    39  0015                     	;# 
    40  0016                     	;# 
    41  0017                     	;# 
    42  0018                     	;# 
    43  0019                     	;# 
    44  001A                     	;# 
    45  001C                     	;# 
    46  001D                     	;# 
    47  001E                     	;# 
    48  001F                     	;# 
    49  0081                     	;# 
    50  0085                     	;# 
    51  0086                     	;# 
    52  0087                     	;# 
    53  008C                     	;# 
    54  008D                     	;# 
    55  008E                     	;# 
    56  008F                     	;# 
    57  0090                     	;# 
    58  0092                     	;# 
    59  0093                     	;# 
    60  0093                     	;# 
    61  0093                     	;# 
    62  0094                     	;# 
    63  0095                     	;# 
    64  0095                     	;# 
    65  0096                     	;# 
    66  0096                     	;# 
    67  0097                     	;# 
    68  0098                     	;# 
    69  0099                     	;# 
    70  009A                     	;# 
    71  009B                     	;# 
    72  009E                     	;# 
    73  009F                     	;# 
    74  010C                     	;# 
    75  010C                     	;# 
    76  010D                     	;# 
    77  010E                     	;# 
    78  010F                     	;# 
    79  0115                     	;# 
    80  0116                     	;# 
    81  0118                     	;# 
    82  0119                     	;# 
    83  011A                     	;# 
    84  011B                     	;# 
    85  011E                     	;# 
    86  011F                     	;# 
    87  018C                     	;# 
    88  018D                     	;# 
    89  019D                     	;# 
    90  019E                     	;# 
    91  0013                     _SSPBUF	set	19
    92  0014                     _SSPCON	set	20
    93  0012                     _T2CON	set	18
    94  0058                     _RABIF	set	88
    95  0039                     _RC1	set	57
    96  003A                     _RC2	set	58
    97  00A5                     _SSPEN	set	165
    98  0094                     _SSPSTAT	set	148
    99  0094                     _SSPSTATbits	set	148
   100  0085                     _TRISA	set	133
   101  0085                     _TRISAbits	set	133
   102  0086                     _TRISB	set	134
   103  0086                     _TRISBbits	set	134
   104  0087                     _TRISC	set	135
   105  0087                     _TRISCbits	set	135
   106  04B2                     _IOCA2	set	1202
   107  011E                     _ANSEL	set	286
   108  011F                     _ANSELH	set	287
   109                           
   110                           	psect	text0
   111  0000                     __ptext0:	
   112                           ; #config settings
   113                           
   114                           
   115                           ;psect for function i1_delayms
   116  0000                     
   117                           	psect	cinit
   118  0013                     start_initialization:	
   119  0013                     __initialization:	
   120  0013                     end_of_initialization:	
   121                           ;End of C runtime variable initialization code
   122                           
   123  0013                     __end_of__initialization:	
   124  0013  0183               	clrf	3
   125  0014  118A  2816         	ljmp	_main	;jump to C main() function
   126                           
   127                           	psect	cstackCOMMON
   128  0070                     __pcstackCOMMON:	
   129  0070                     ?_indicateByteSent:	
   130  0070                     ?_ISR:	
   131                           ; 0 bytes @ 0x0
   132                           
   133  0070                     ?_display:	
   134                           ; 0 bytes @ 0x0
   135                           
   136  0070                     ?_main:	
   137                           ; 0 bytes @ 0x0
   138                           
   139  0070                     ?i1_delayms:	
   140                           ; 0 bytes @ 0x0
   141                           
   142  0070                     ?i1_indicateByteSent:	
   143                           ; 0 bytes @ 0x0
   144                           
   145  0070                     i1delayms@ms:	
   146                           ; 0 bytes @ 0x0
   147                           
   148                           
   149                           ; 2 bytes @ 0x0
   150  0070                     	ds	2
   151  0072                     ??i1_delayms:	
   152  0072                     i1delayms@waitedms:	
   153                           ; 0 bytes @ 0x2
   154                           
   155                           
   156                           ; 2 bytes @ 0x2
   157  0072                     	ds	2
   158  0074                     i1delayms@cycles:	
   159                           
   160                           ; 2 bytes @ 0x4
   161  0074                     	ds	2
   162  0076                     ??_ISR:	
   163  0076                     ??i1_indicateByteSent:	
   164                           ; 0 bytes @ 0x6
   165                           
   166                           
   167                           ; 0 bytes @ 0x6
   168  0076                     	ds	4
   169                           
   170                           	psect	cstackBANK0
   171  0020                     __pcstackBANK0:	
   172  0020                     ?_delayms:	
   173  0020                     delayms@ms:	
   174                           ; 0 bytes @ 0x0
   175                           
   176                           
   177                           ; 2 bytes @ 0x0
   178  0020                     	ds	2
   179  0022                     ??_delayms:	
   180  0022                     delayms@waitedms:	
   181                           ; 0 bytes @ 0x2
   182                           
   183                           
   184                           ; 2 bytes @ 0x2
   185  0022                     	ds	2
   186  0024                     delayms@cycles:	
   187                           
   188                           ; 2 bytes @ 0x4
   189  0024                     	ds	2
   190  0026                     ??_indicateByteSent:	
   191  0026                     ??_display:	
   192                           ; 0 bytes @ 0x6
   193                           
   194  0026                     ?_spi_w:	
   195                           ; 0 bytes @ 0x6
   196                           
   197  0026                     display@answer:	
   198                           ; 1 bytes @ 0x6
   199                           
   200  0026                     spi_w@data:	
   201                           ; 1 bytes @ 0x6
   202                           
   203                           
   204                           ; 2 bytes @ 0x6
   205  0026                     	ds	2
   206  0028                     ??_spi_w:	
   207                           
   208                           ; 0 bytes @ 0x8
   209  0028                     	ds	1
   210  0029                     spi_w@ret1:	
   211                           
   212                           ; 1 bytes @ 0x9
   213  0029                     	ds	1
   214  002A                     spi_w@byte1:	
   215                           
   216                           ; 1 bytes @ 0xA
   217  002A                     	ds	1
   218  002B                     spi_w@byte2:	
   219                           
   220                           ; 1 bytes @ 0xB
   221  002B                     	ds	1
   222  002C                     ??_main:	
   223                           
   224                           ; 0 bytes @ 0xC
   225  002C                     	ds	1
   226  002D                     main@answer:	
   227                           
   228                           ; 1 bytes @ 0xD
   229  002D                     	ds	1
   230                           
   231                           	psect	maintext
   232  0016                     __pmaintext:	
   233 ;;
   234 ;;Main: autosize = 0, tempsize = 1, incstack = 0, save=0
   235 ;;
   236 ;; *************** function _main *****************
   237 ;; Defined at:
   238 ;;		line 120 in file "main.c"
   239 ;; Parameters:    Size  Location     Type
   240 ;;		None
   241 ;; Auto vars:     Size  Location     Type
   242 ;;  answer          1   13[BANK0 ] unsigned char 
   243 ;; Return value:  Size  Location     Type
   244 ;;		None               void
   245 ;; Registers used:
   246 ;;		wreg, status,2, status,0, pclath, cstack
   247 ;; Tracked objects:
   248 ;;		On entry : 17F/0
   249 ;;		On exit  : 0/0
   250 ;;		Unchanged: 0/0
   251 ;; Data sizes:     COMMON   BANK0   BANK1   BANK2
   252 ;;      Params:         0       0       0       0
   253 ;;      Locals:         0       1       0       0
   254 ;;      Temps:          0       1       0       0
   255 ;;      Totals:         0       2       0       0
   256 ;;Total ram usage:        2 bytes
   257 ;; Hardware stack levels required when called:    6
   258 ;; This function calls:
   259 ;;		_display
   260 ;;		_spi_w
   261 ;; This function is called by:
   262 ;;		Startup code after reset
   263 ;; This function uses a non-reentrant model
   264 ;;
   265                           
   266                           
   267                           ;psect for function _main
   268  0016                     _main:	
   269                           
   270                           ;main.c: 123: ANSELH = 0X0;
   271                           
   272                           ;incstack = 0
   273                           ; Regs used in _main: [wreg+status,2+status,0+pclath+cstack]
   274  0016  1283               	bcf	3,5	;RP0=0, select bank2
   275  0017  1703               	bsf	3,6	;RP1=1, select bank2
   276  0018  019F               	clrf	31	;volatile
   277                           
   278                           ;main.c: 124: ANSEL = 0X0;
   279  0019  019E               	clrf	30	;volatile
   280                           
   281                           ;main.c: 126: TRISA = 0x0;
   282  001A  1683               	bsf	3,5	;RP0=1, select bank1
   283  001B  1303               	bcf	3,6	;RP1=0, select bank1
   284  001C  0185               	clrf	5	;volatile
   285                           
   286                           ;main.c: 127: TRISB = 0x0;
   287  001D  0186               	clrf	6	;volatile
   288                           
   289                           ;main.c: 128: TRISC = 0x0;
   290  001E  0187               	clrf	7	;volatile
   291                           
   292                           ;main.c: 129: TRISBbits.TRISB6 = 0;
   293  001F  1306               	bcf	6,6	;volatile
   294                           
   295                           ;main.c: 130: TRISBbits.TRISB4 = 1;
   296  0020  1606               	bsf	6,4	;volatile
   297                           
   298                           ;main.c: 131: TRISCbits.TRISC7 = 0;
   299  0021  1387               	bcf	7,7	;volatile
   300                           
   301                           ;main.c: 132: TRISCbits.TRISC2 = 0;
   302  0022  1107               	bcf	7,2	;volatile
   303                           
   304                           ;main.c: 133: TRISCbits.TRISC1 = 0;
   305  0023  1087               	bcf	7,1	;volatile
   306                           
   307                           ;main.c: 136: T2CON = 0b00001100;
   308  0024  300C               	movlw	12
   309  0025  1283               	bcf	3,5	;RP0=0, select bank0
   310  0026  1303               	bcf	3,6	;RP1=0, select bank0
   311  0027  0092               	movwf	18	;volatile
   312                           
   313                           ;main.c: 139: SSPEN = 0;
   314  0028  1294               	bcf	20,5	;volatile
   315                           
   316                           ;main.c: 140: SSPSTAT= 0b01000000;
   317  0029  3040               	movlw	64
   318  002A  1683               	bsf	3,5	;RP0=1, select bank1
   319  002B  1303               	bcf	3,6	;RP1=0, select bank1
   320  002C  0094               	movwf	20	;volatile
   321                           
   322                           ;main.c: 141: SSPCON = 0b00000011;
   323  002D  3003               	movlw	3
   324  002E  1283               	bcf	3,5	;RP0=0, select bank0
   325  002F  1303               	bcf	3,6	;RP1=0, select bank0
   326  0030  0094               	movwf	20	;volatile
   327                           
   328                           ;main.c: 142: SSPEN = 1;
   329  0031  1694               	bsf	20,5	;volatile
   330                           
   331                           ;main.c: 143: SSPSTATbits.BF = 1;
   332  0032  1683               	bsf	3,5	;RP0=1, select bank1
   333  0033  1303               	bcf	3,6	;RP1=0, select bank1
   334  0034  1414               	bsf	20,0	;volatile
   335                           
   336                           ;main.c: 146: TRISAbits.TRISA2 = 1;
   337  0035  1505               	bsf	5,2	;volatile
   338                           
   339                           ;main.c: 147: IOCA2 = 1;
   340  0036  1516               	bsf	22,2	;volatile
   341                           
   342                           ;main.c: 151: RC2 = 1;
   343  0037  1283               	bcf	3,5	;RP0=0, select bank0
   344  0038  1303               	bcf	3,6	;RP1=0, select bank0
   345  0039  1507               	bsf	7,2	;volatile
   346                           
   347                           ;main.c: 152: RC1 = 0;
   348  003A  1087               	bcf	7,1	;volatile
   349                           
   350                           ;main.c: 154: uchar answer;
   351                           ;main.c: 156: answer = spi_w(0x0000);
   352  003B  3000               	movlw	0
   353  003C                     L1:	
   354  003C  00A6               	movwf	spi_w@data
   355  003D  3000               	movlw	0
   356  003E  00A7               	movwf	spi_w@data+1
   357  003F  118A  20B9  118A   	fcall	_spi_w
   358  0042  1283               	bcf	3,5	;RP0=0, select bank0
   359  0043  1303               	bcf	3,6	;RP1=0, select bank0
   360  0044  00AC               	movwf	??_main
   361  0045  082C               	movf	??_main,w
   362  0046  00AD               	movwf	main@answer
   363                           
   364                           ;main.c: 157: display(answer);
   365  0047  082D               	movf	main@answer,w
   366  0048  118A  2153  118A   	fcall	_display
   367                           
   368                           ;main.c: 181: {
   369                           ;main.c: 185: answer = spi_w(0x0000);
   370                           
   371                           ;main.c: 180: while(1)
   372  004B  3000               	movlw	0
   373  004C  1283               	bcf	3,5	;RP0=0, select bank0
   374  004D  1303               	bcf	3,6	;RP1=0, select bank0
   375  004E  283C               	goto	L1
   376  004F                     __end_of_main:	
   377                           ;main.c: 186: display(answer);
   378                           
   379                           
   380                           	psect	text1
   381  00B9                     __ptext1:	
   382 ;; *************** function _spi_w *****************
   383 ;; Defined at:
   384 ;;		line 76 in file "main.c"
   385 ;; Parameters:    Size  Location     Type
   386 ;;  data            2    6[BANK0 ] unsigned int 
   387 ;; Auto vars:     Size  Location     Type
   388 ;;  byte2           1   11[BANK0 ] unsigned char 
   389 ;;  byte1           1   10[BANK0 ] unsigned char 
   390 ;;  ret1            1    9[BANK0 ] unsigned char 
   391 ;;  ret2            1    0        unsigned char 
   392 ;; Return value:  Size  Location     Type
   393 ;;                  1    wreg      unsigned char 
   394 ;; Registers used:
   395 ;;		wreg, status,2, status,0, pclath, cstack
   396 ;; Tracked objects:
   397 ;;		On entry : 0/0
   398 ;;		On exit  : 0/0
   399 ;;		Unchanged: 0/0
   400 ;; Data sizes:     COMMON   BANK0   BANK1   BANK2
   401 ;;      Params:         0       2       0       0
   402 ;;      Locals:         0       3       0       0
   403 ;;      Temps:          0       1       0       0
   404 ;;      Totals:         0       6       0       0
   405 ;;Total ram usage:        6 bytes
   406 ;; Hardware stack levels used:    1
   407 ;; Hardware stack levels required when called:    4
   408 ;; This function calls:
   409 ;;		_delayms
   410 ;; This function is called by:
   411 ;;		_main
   412 ;; This function uses a non-reentrant model
   413 ;;
   414                           
   415                           
   416                           ;psect for function _spi_w
   417  00B9                     _spi_w:	
   418                           
   419                           ;main.c: 77: uchar ret1;
   420                           ;main.c: 78: uchar ret2;
   421                           ;main.c: 79: uchar byte1 = ((data & 0xFF00) >> 8);
   422                           
   423                           ;incstack = 0
   424                           ; Regs used in _spi_w: [wreg+status,2+status,0+pclath+cstack]
   425  00B9  1283               	bcf	3,5	;RP0=0, select bank0
   426  00BA  1303               	bcf	3,6	;RP1=0, select bank0
   427  00BB  0827               	movf	spi_w@data+1,w
   428  00BC  00A8               	movwf	??_spi_w
   429  00BD  0828               	movf	??_spi_w,w
   430  00BE  00AA               	movwf	spi_w@byte1
   431                           
   432                           ;main.c: 80: uchar byte2 = data & 0x00FF;
   433  00BF  0826               	movf	spi_w@data,w
   434  00C0  00A8               	movwf	??_spi_w
   435  00C1  0828               	movf	??_spi_w,w
   436  00C2  00AB               	movwf	spi_w@byte2
   437                           
   438                           ;main.c: 82: RC2=0;
   439  00C3  1107               	bcf	7,2	;volatile
   440                           
   441                           ;main.c: 83: delayms(1);
   442  00C4  3001               	movlw	1
   443  00C5  00A0               	movwf	delayms@ms
   444  00C6  3000               	movlw	0
   445  00C7  00A1               	movwf	delayms@ms+1
   446  00C8  118A  20EC  118A   	fcall	_delayms
   447                           
   448                           ;main.c: 85: SSPBUF=byte1;
   449  00CB  1283               	bcf	3,5	;RP0=0, select bank0
   450  00CC  1303               	bcf	3,6	;RP1=0, select bank0
   451  00CD  082A               	movf	spi_w@byte1,w
   452  00CE  0093               	movwf	19	;volatile
   453  00CF                     l56:	
   454                           ;main.c: 86: while (!SSPSTATbits.BF);
   455                           
   456  00CF  1683               	bsf	3,5	;RP0=1, select bank1
   457  00D0  1303               	bcf	3,6	;RP1=0, select bank1
   458  00D1  1C14               	btfss	20,0	;volatile
   459  00D2  28CF               	goto	l56
   460                           
   461                           ;main.c: 87: ret1=SSPBUF;
   462  00D3  1283               	bcf	3,5	;RP0=0, select bank0
   463  00D4  1303               	bcf	3,6	;RP1=0, select bank0
   464  00D5  0813               	movf	19,w	;volatile
   465  00D6  00A8               	movwf	??_spi_w
   466  00D7  0828               	movf	??_spi_w,w
   467  00D8  00A9               	movwf	spi_w@ret1
   468                           
   469                           ;main.c: 89: SSPBUF=byte2;
   470  00D9  082B               	movf	spi_w@byte2,w
   471  00DA  0093               	movwf	19	;volatile
   472  00DB                     l59:	
   473                           ;main.c: 90: while (!SSPSTATbits.BF);
   474                           
   475  00DB  1683               	bsf	3,5	;RP0=1, select bank1
   476  00DC  1303               	bcf	3,6	;RP1=0, select bank1
   477  00DD  1C14               	btfss	20,0	;volatile
   478  00DE  28DB               	goto	l59
   479                           
   480                           ;main.c: 92: delayms(1);
   481  00DF  3001               	movlw	1
   482  00E0  1283               	bcf	3,5	;RP0=0, select bank0
   483  00E1  1303               	bcf	3,6	;RP1=0, select bank0
   484  00E2  00A0               	movwf	delayms@ms
   485  00E3  3000               	movlw	0
   486  00E4  00A1               	movwf	delayms@ms+1
   487  00E5  118A  20EC         	fcall	_delayms
   488                           
   489                           ;main.c: 93: RC2=1;
   490  00E7  1283               	bcf	3,5	;RP0=0, select bank0
   491  00E8  1303               	bcf	3,6	;RP1=0, select bank0
   492  00E9  1507               	bsf	7,2	;volatile
   493                           
   494                           ;main.c: 97: return ret1;
   495  00EA  0829               	movf	spi_w@ret1,w
   496  00EB  0008               	return
   497  00EC                     __end_of_spi_w:	
   498                           
   499                           	psect	text2
   500  0153                     __ptext2:	
   501 ;; *************** function _display *****************
   502 ;; Defined at:
   503 ;;		line 100 in file "main.c"
   504 ;; Parameters:    Size  Location     Type
   505 ;;  answer          1    wreg     unsigned char 
   506 ;; Auto vars:     Size  Location     Type
   507 ;;  answer          1    6[BANK0 ] unsigned char 
   508 ;; Return value:  Size  Location     Type
   509 ;;		None               void
   510 ;; Registers used:
   511 ;;		wreg, status,2, status,0, pclath, cstack
   512 ;; Tracked objects:
   513 ;;		On entry : 0/0
   514 ;;		On exit  : 0/0
   515 ;;		Unchanged: 0/0
   516 ;; Data sizes:     COMMON   BANK0   BANK1   BANK2
   517 ;;      Params:         0       0       0       0
   518 ;;      Locals:         0       1       0       0
   519 ;;      Temps:          0       0       0       0
   520 ;;      Totals:         0       1       0       0
   521 ;;Total ram usage:        1 bytes
   522 ;; Hardware stack levels used:    1
   523 ;; Hardware stack levels required when called:    5
   524 ;; This function calls:
   525 ;;		_indicateByteSent
   526 ;; This function is called by:
   527 ;;		_main
   528 ;; This function uses a non-reentrant model
   529 ;;
   530                           
   531                           
   532                           ;psect for function _display
   533  0153                     _display:	
   534                           
   535                           ;incstack = 0
   536                           ; Regs used in _display: [wreg+status,2+status,0+pclath+cstack]
   537                           ;display@answer stored from wreg
   538  0153  1283               	bcf	3,5	;RP0=0, select bank0
   539  0154  1303               	bcf	3,6	;RP1=0, select bank0
   540  0155  00A6               	movwf	display@answer
   541                           
   542                           ;main.c: 101: if (answer){
   543  0156  0826               	movf	display@answer,w
   544  0157  1903               	btfsc	3,2
   545  0158  0008               	return
   546                           
   547                           ;main.c: 102: indicateByteSent();
   548  0159  118A  204F         	fcall	_indicateByteSent
   549  015B  1283               	bcf	3,5	;RP0=0, select bank0
   550  015C  1303               	bcf	3,6	;RP1=0, select bank0
   551  015D  0008               	return
   552  015E                     __end_of_display:	
   553                           
   554                           	psect	text3
   555  004F                     __ptext3:	
   556 ;; *************** function _indicateByteSent *****************
   557 ;; Defined at:
   558 ;;		line 53 in file "main.c"
   559 ;; Parameters:    Size  Location     Type
   560 ;;		None
   561 ;; Auto vars:     Size  Location     Type
   562 ;;		None
   563 ;; Return value:  Size  Location     Type
   564 ;;		None               void
   565 ;; Registers used:
   566 ;;		wreg, status,2, status,0, pclath, cstack
   567 ;; Tracked objects:
   568 ;;		On entry : 0/0
   569 ;;		On exit  : 0/0
   570 ;;		Unchanged: 0/0
   571 ;; Data sizes:     COMMON   BANK0   BANK1   BANK2
   572 ;;      Params:         0       0       0       0
   573 ;;      Locals:         0       0       0       0
   574 ;;      Temps:          0       0       0       0
   575 ;;      Totals:         0       0       0       0
   576 ;;Total ram usage:        0 bytes
   577 ;; Hardware stack levels used:    1
   578 ;; Hardware stack levels required when called:    4
   579 ;; This function calls:
   580 ;;		_delayms
   581 ;; This function is called by:
   582 ;;		_display
   583 ;; This function uses a non-reentrant model
   584 ;;
   585                           
   586                           
   587                           ;psect for function _indicateByteSent
   588  004F                     _indicateByteSent:	
   589                           
   590                           ;main.c: 54: RC1 = 1;
   591                           
   592                           ;incstack = 0
   593                           ; Regs used in _indicateByteSent: [wreg+status,2+status,0+pclath+cstack]
   594  004F  1283               	bcf	3,5	;RP0=0, select bank0
   595  0050  1303               	bcf	3,6	;RP1=0, select bank0
   596  0051  1487               	bsf	7,1	;volatile
   597                           
   598                           ;main.c: 55: delayms(50);
   599  0052  3032               	movlw	50
   600  0053  00A0               	movwf	delayms@ms
   601  0054  3000               	movlw	0
   602  0055  00A1               	movwf	delayms@ms+1
   603  0056  118A  20EC  118A   	fcall	_delayms
   604                           
   605                           ;main.c: 56: RC1 = 0;
   606  0059  1283               	bcf	3,5	;RP0=0, select bank0
   607  005A  1303               	bcf	3,6	;RP1=0, select bank0
   608  005B  1087               	bcf	7,1	;volatile
   609                           
   610                           ;main.c: 57: delayms(50);
   611  005C  3032               	movlw	50
   612  005D  00A0               	movwf	delayms@ms
   613  005E  3000               	movlw	0
   614  005F  00A1               	movwf	delayms@ms+1
   615  0060  118A  20EC  118A   	fcall	_delayms
   616                           
   617                           ;main.c: 58: RC1 = 1;
   618  0063  1283               	bcf	3,5	;RP0=0, select bank0
   619  0064  1303               	bcf	3,6	;RP1=0, select bank0
   620  0065  1487               	bsf	7,1	;volatile
   621                           
   622                           ;main.c: 59: delayms(50);
   623  0066  3032               	movlw	50
   624  0067  00A0               	movwf	delayms@ms
   625  0068  3000               	movlw	0
   626  0069  00A1               	movwf	delayms@ms+1
   627  006A  118A  20EC  118A   	fcall	_delayms
   628                           
   629                           ;main.c: 60: RC1 = 0;
   630  006D  1283               	bcf	3,5	;RP0=0, select bank0
   631  006E  1303               	bcf	3,6	;RP1=0, select bank0
   632  006F  1087               	bcf	7,1	;volatile
   633                           
   634                           ;main.c: 61: delayms(50);
   635  0070  3032               	movlw	50
   636  0071  00A0               	movwf	delayms@ms
   637  0072  3000               	movlw	0
   638  0073  00A1               	movwf	delayms@ms+1
   639  0074  118A  20EC  118A   	fcall	_delayms
   640                           
   641                           ;main.c: 62: RC1 = 1;
   642  0077  1283               	bcf	3,5	;RP0=0, select bank0
   643  0078  1303               	bcf	3,6	;RP1=0, select bank0
   644  0079  1487               	bsf	7,1	;volatile
   645                           
   646                           ;main.c: 63: delayms(50);
   647  007A  3032               	movlw	50
   648  007B  00A0               	movwf	delayms@ms
   649  007C  3000               	movlw	0
   650  007D  00A1               	movwf	delayms@ms+1
   651  007E  118A  20EC         	fcall	_delayms
   652                           
   653                           ;main.c: 64: RC1 = 0;
   654  0080  1283               	bcf	3,5	;RP0=0, select bank0
   655  0081  1303               	bcf	3,6	;RP1=0, select bank0
   656  0082  1087               	bcf	7,1	;volatile
   657  0083  0008               	return
   658  0084                     __end_of_indicateByteSent:	
   659                           
   660                           	psect	text4
   661  00EC                     __ptext4:	
   662 ;; *************** function _delayms *****************
   663 ;; Defined at:
   664 ;;		line 42 in file "main.c"
   665 ;; Parameters:    Size  Location     Type
   666 ;;  ms              2    0[BANK0 ] unsigned int 
   667 ;; Auto vars:     Size  Location     Type
   668 ;;  cycles          2    4[BANK0 ] unsigned int 
   669 ;;  waitedms        2    2[BANK0 ] unsigned int 
   670 ;; Return value:  Size  Location     Type
   671 ;;		None               void
   672 ;; Registers used:
   673 ;;		wreg, status,2
   674 ;; Tracked objects:
   675 ;;		On entry : 0/0
   676 ;;		On exit  : 0/0
   677 ;;		Unchanged: 0/0
   678 ;; Data sizes:     COMMON   BANK0   BANK1   BANK2
   679 ;;      Params:         0       2       0       0
   680 ;;      Locals:         0       4       0       0
   681 ;;      Temps:          0       0       0       0
   682 ;;      Totals:         0       6       0       0
   683 ;;Total ram usage:        6 bytes
   684 ;; Hardware stack levels used:    1
   685 ;; Hardware stack levels required when called:    3
   686 ;; This function calls:
   687 ;;		Nothing
   688 ;; This function is called by:
   689 ;;		_indicateByteSent
   690 ;;		_spi_w
   691 ;; This function uses a non-reentrant model
   692 ;;
   693                           
   694                           
   695                           ;psect for function _delayms
   696  00EC                     _delayms:	
   697                           
   698                           ;main.c: 43: uint waitedms = 0;
   699                           
   700                           ;incstack = 0
   701                           ; Regs used in _delayms: [wreg+status,2]
   702  00EC  1283               	bcf	3,5	;RP0=0, select bank0
   703  00ED  1303               	bcf	3,6	;RP1=0, select bank0
   704  00EE  01A2               	clrf	delayms@waitedms
   705  00EF  01A3               	clrf	delayms@waitedms+1
   706  00F0                     l41:	
   707                           ;main.c: 44: while (waitedms < ms){
   708                           
   709  00F0  0821               	movf	delayms@ms+1,w
   710  00F1  0223               	subwf	delayms@waitedms+1,w
   711  00F2  1D03               	skipz
   712  00F3  28F6               	goto	u135
   713  00F4  0820               	movf	delayms@ms,w
   714  00F5  0222               	subwf	delayms@waitedms,w
   715  00F6                     u135:	
   716  00F6  1803               	btfsc	3,0
   717  00F7  0008               	return
   718                           
   719                           ;main.c: 45: for(uint cycles = 0; cycles< 65; cycles++){
   720  00F8  01A4               	clrf	delayms@cycles
   721  00F9  01A5               	clrf	delayms@cycles+1
   722  00FA  3000               	movlw	0
   723  00FB  0225               	subwf	delayms@cycles+1,w
   724  00FC  3041               	movlw	65
   725  00FD  1903               	skipnz
   726  00FE  0224               	subwf	delayms@cycles,w
   727  00FF  1803               	btfsc	3,0
   728  0100  2911               	goto	l661
   729  0101                     l43:	
   730                           
   731                           ;main.c: 46: __nop();
   732  0101  0000               	nop
   733  0102  3001               	movlw	1
   734  0103  1283               	bcf	3,5	;RP0=0, select bank0
   735  0104  1303               	bcf	3,6	;RP1=0, select bank0
   736  0105  07A4               	addwf	delayms@cycles,f
   737  0106  1803               	skipnc
   738  0107  0AA5               	incf	delayms@cycles+1,f
   739  0108  3000               	movlw	0
   740  0109  07A5               	addwf	delayms@cycles+1,f
   741  010A  3000               	movlw	0
   742  010B  0225               	subwf	delayms@cycles+1,w
   743  010C  3041               	movlw	65
   744  010D  1903               	skipnz
   745  010E  0224               	subwf	delayms@cycles,w
   746  010F  1C03               	skipc
   747  0110  2901               	goto	l43
   748  0111                     l661:	
   749                           
   750                           ;main.c: 47: }
   751                           ;main.c: 48: waitedms++;
   752  0111  3001               	movlw	1
   753  0112  07A2               	addwf	delayms@waitedms,f
   754  0113  1803               	skipnc
   755  0114  0AA3               	incf	delayms@waitedms+1,f
   756  0115  3000               	movlw	0
   757  0116  07A3               	addwf	delayms@waitedms+1,f
   758  0117  28F0               	goto	l41
   759  0118                     __end_of_delayms:	
   760                           
   761                           	psect	text5
   762  0140                     __ptext5:	
   763 ;; *************** function _ISR *****************
   764 ;; Defined at:
   765 ;;		line 68 in file "main.c"
   766 ;; Parameters:    Size  Location     Type
   767 ;;		None
   768 ;; Auto vars:     Size  Location     Type
   769 ;;		None
   770 ;; Return value:  Size  Location     Type
   771 ;;		None               void
   772 ;; Registers used:
   773 ;;		wreg, status,2, status,0, pclath, cstack
   774 ;; Tracked objects:
   775 ;;		On entry : 0/0
   776 ;;		On exit  : 0/0
   777 ;;		Unchanged: 0/0
   778 ;; Data sizes:     COMMON   BANK0   BANK1   BANK2
   779 ;;      Params:         0       0       0       0
   780 ;;      Locals:         0       0       0       0
   781 ;;      Temps:          4       0       0       0
   782 ;;      Totals:         4       0       0       0
   783 ;;Total ram usage:        4 bytes
   784 ;; Hardware stack levels used:    1
   785 ;; Hardware stack levels required when called:    2
   786 ;; This function calls:
   787 ;;		i1_indicateByteSent
   788 ;; This function is called by:
   789 ;;		Interrupt level 1
   790 ;; This function uses a non-reentrant model
   791 ;;
   792                           
   793                           
   794                           ;psect for function _ISR
   795  0140                     _ISR:	
   796                           
   797                           ;main.c: 69: if(RABIF) {
   798  0140  1C0B               	btfss	11,0	;volatile
   799  0141  2946               	goto	i1l53
   800                           
   801                           ;main.c: 70: indicateByteSent();
   802  0142  118A  2084  118A   	fcall	i1_indicateByteSent
   803                           
   804                           ;main.c: 71: RABIF=0;
   805  0145  100B               	bcf	11,0	;volatile
   806  0146                     i1l53:	
   807  0146  0879               	movf	??_ISR+3,w
   808  0147  1283               	bcf	3,5	;RP0=0, select bank0
   809  0148  1303               	bcf	3,6	;RP1=0, select bank0
   810  0149  00FF               	movwf	127
   811  014A  0878               	movf	??_ISR+2,w
   812  014B  008A               	movwf	10
   813  014C  0877               	movf	??_ISR+1,w
   814  014D  0084               	movwf	4
   815  014E  0E76               	swapf	??_ISR^(0+-128),w
   816  014F  0083               	movwf	3
   817  0150  0EFE               	swapf	126,f
   818  0151  0E7E               	swapf	126,w
   819  0152  0009               	retfie
   820  0153                     __end_of_ISR:	
   821                           
   822                           	psect	intentry
   823  0004                     __pintentry:	
   824                           ;incstack = 0
   825                           ; Regs used in _ISR: [wreg+status,2+status,0+pclath+cstack]
   826                           
   827  0004                     interrupt_function:	
   828  007E                     saved_w	set	btemp
   829  0004  00FE               	movwf	btemp
   830  0005  0E03               	swapf	3,w
   831  0006  00F6               	movwf	??_ISR
   832  0007  0804               	movf	4,w
   833  0008  00F7               	movwf	??_ISR+1
   834  0009  080A               	movf	10,w
   835  000A  00F8               	movwf	??_ISR+2
   836  000B  1283               	bcf	3,5	;RP0=0, select bank0
   837  000C  1303               	bcf	3,6	;RP1=0, select bank0
   838  000D  087F               	movf	btemp+1,w
   839  000E  00F9               	movwf	??_ISR+3
   840  000F  118A  2940         	ljmp	_ISR
   841                           
   842                           	psect	text6
   843  0084                     __ptext6:	
   844 ;; *************** function i1_indicateByteSent *****************
   845 ;; Defined at:
   846 ;;		line 53 in file "main.c"
   847 ;; Parameters:    Size  Location     Type
   848 ;;		None
   849 ;; Auto vars:     Size  Location     Type
   850 ;;		None
   851 ;; Return value:  Size  Location     Type
   852 ;;		None               void
   853 ;; Registers used:
   854 ;;		wreg, status,2, status,0, pclath, cstack
   855 ;; Tracked objects:
   856 ;;		On entry : 0/0
   857 ;;		On exit  : 0/0
   858 ;;		Unchanged: 0/0
   859 ;; Data sizes:     COMMON   BANK0   BANK1   BANK2
   860 ;;      Params:         0       0       0       0
   861 ;;      Locals:         0       0       0       0
   862 ;;      Temps:          0       0       0       0
   863 ;;      Totals:         0       0       0       0
   864 ;;Total ram usage:        0 bytes
   865 ;; Hardware stack levels used:    1
   866 ;; Hardware stack levels required when called:    1
   867 ;; This function calls:
   868 ;;		i1_delayms
   869 ;; This function is called by:
   870 ;;		_ISR
   871 ;; This function uses a non-reentrant model
   872 ;;
   873                           
   874                           
   875                           ;psect for function i1_indicateByteSent
   876  0084                     i1_indicateByteSent:	
   877                           
   878                           ;main.c: 54: RC1 = 1;
   879                           
   880                           ;incstack = 0
   881                           ; Regs used in i1_indicateByteSent: [wreg+status,2+status,0+pclath+cstack]
   882  0084  1283               	bcf	3,5	;RP0=0, select bank0
   883  0085  1303               	bcf	3,6	;RP1=0, select bank0
   884  0086  1487               	bsf	7,1	;volatile
   885                           
   886                           ;main.c: 55: delayms(50);
   887  0087  3032               	movlw	50
   888  0088  00F0               	movwf	i1delayms@ms
   889  0089  3000               	movlw	0
   890  008A  00F1               	movwf	i1delayms@ms+1
   891  008B  118A  2118  118A   	fcall	i1_delayms
   892                           
   893                           ;main.c: 56: RC1 = 0;
   894  008E  1283               	bcf	3,5	;RP0=0, select bank0
   895  008F  1303               	bcf	3,6	;RP1=0, select bank0
   896  0090  1087               	bcf	7,1	;volatile
   897                           
   898                           ;main.c: 57: delayms(50);
   899  0091  3032               	movlw	50
   900  0092  00F0               	movwf	i1delayms@ms
   901  0093  3000               	movlw	0
   902  0094  00F1               	movwf	i1delayms@ms+1
   903  0095  118A  2118  118A   	fcall	i1_delayms
   904                           
   905                           ;main.c: 58: RC1 = 1;
   906  0098  1283               	bcf	3,5	;RP0=0, select bank0
   907  0099  1303               	bcf	3,6	;RP1=0, select bank0
   908  009A  1487               	bsf	7,1	;volatile
   909                           
   910                           ;main.c: 59: delayms(50);
   911  009B  3032               	movlw	50
   912  009C  00F0               	movwf	i1delayms@ms
   913  009D  3000               	movlw	0
   914  009E  00F1               	movwf	i1delayms@ms+1
   915  009F  118A  2118  118A   	fcall	i1_delayms
   916                           
   917                           ;main.c: 60: RC1 = 0;
   918  00A2  1283               	bcf	3,5	;RP0=0, select bank0
   919  00A3  1303               	bcf	3,6	;RP1=0, select bank0
   920  00A4  1087               	bcf	7,1	;volatile
   921                           
   922                           ;main.c: 61: delayms(50);
   923  00A5  3032               	movlw	50
   924  00A6  00F0               	movwf	i1delayms@ms
   925  00A7  3000               	movlw	0
   926  00A8  00F1               	movwf	i1delayms@ms+1
   927  00A9  118A  2118  118A   	fcall	i1_delayms
   928                           
   929                           ;main.c: 62: RC1 = 1;
   930  00AC  1283               	bcf	3,5	;RP0=0, select bank0
   931  00AD  1303               	bcf	3,6	;RP1=0, select bank0
   932  00AE  1487               	bsf	7,1	;volatile
   933                           
   934                           ;main.c: 63: delayms(50);
   935  00AF  3032               	movlw	50
   936  00B0  00F0               	movwf	i1delayms@ms
   937  00B1  3000               	movlw	0
   938  00B2  00F1               	movwf	i1delayms@ms+1
   939  00B3  118A  2118         	fcall	i1_delayms
   940                           
   941                           ;main.c: 64: RC1 = 0;
   942  00B5  1283               	bcf	3,5	;RP0=0, select bank0
   943  00B6  1303               	bcf	3,6	;RP1=0, select bank0
   944  00B7  1087               	bcf	7,1	;volatile
   945  00B8  0008               	return
   946  00B9                     __end_ofi1_indicateByteSent:	
   947                           
   948                           	psect	text7
   949  0118                     __ptext7:	
   950 ;; *************** function i1_delayms *****************
   951 ;; Defined at:
   952 ;;		line 42 in file "main.c"
   953 ;; Parameters:    Size  Location     Type
   954 ;;  ms              2    0[COMMON] unsigned int 
   955 ;; Auto vars:     Size  Location     Type
   956 ;;  delayms         2    4[COMMON] unsigned int 
   957 ;;  delayms         2    2[COMMON] unsigned int 
   958 ;; Return value:  Size  Location     Type
   959 ;;		None               void
   960 ;; Registers used:
   961 ;;		wreg, status,2
   962 ;; Tracked objects:
   963 ;;		On entry : 0/0
   964 ;;		On exit  : 0/0
   965 ;;		Unchanged: 0/0
   966 ;; Data sizes:     COMMON   BANK0   BANK1   BANK2
   967 ;;      Params:         2       0       0       0
   968 ;;      Locals:         4       0       0       0
   969 ;;      Temps:          0       0       0       0
   970 ;;      Totals:         6       0       0       0
   971 ;;Total ram usage:        6 bytes
   972 ;; Hardware stack levels used:    1
   973 ;; This function calls:
   974 ;;		Nothing
   975 ;; This function is called by:
   976 ;;		i1_indicateByteSent
   977 ;; This function uses a non-reentrant model
   978 ;;
   979                           
   980                           
   981                           ;psect for function i1_delayms
   982  0118                     i1_delayms:	
   983                           
   984                           ;main.c: 43: uint waitedms = 0;
   985                           
   986                           ;incstack = 0
   987                           ; Regs used in i1_delayms: [wreg+status,2]
   988  0118  01F2               	clrf	i1delayms@waitedms
   989  0119  01F3               	clrf	i1delayms@waitedms+1
   990  011A                     i1l41:	
   991                           ;main.c: 44: while (waitedms < ms){
   992                           
   993  011A  0871               	movf	i1delayms@ms+1,w
   994  011B  0273               	subwf	i1delayms@waitedms+1,w
   995  011C  1D03               	skipz
   996  011D  2920               	goto	u6_25
   997  011E  0870               	movf	i1delayms@ms,w
   998  011F  0272               	subwf	i1delayms@waitedms,w
   999  0120                     u6_25:	
  1000  0120  1803               	btfsc	3,0
  1001  0121  0008               	return
  1002                           
  1003                           ;main.c: 45: for(uint cycles = 0; cycles< 65; cycles++){
  1004  0122  01F4               	clrf	i1delayms@cycles
  1005  0123  01F5               	clrf	i1delayms@cycles+1
  1006  0124  3000               	movlw	0
  1007  0125  0275               	subwf	i1delayms@cycles+1,w
  1008  0126  3041               	movlw	65
  1009  0127  1903               	skipnz
  1010  0128  0274               	subwf	i1delayms@cycles,w
  1011  0129  1803               	btfsc	3,0
  1012  012A  2939               	goto	i1l565
  1013  012B                     i1l43:	
  1014                           
  1015                           ;main.c: 46: __nop();
  1016  012B  0000               	nop
  1017  012C  3001               	movlw	1
  1018  012D  07F4               	addwf	i1delayms@cycles,f
  1019  012E  1803               	skipnc
  1020  012F  0AF5               	incf	i1delayms@cycles+1,f
  1021  0130  3000               	movlw	0
  1022  0131  07F5               	addwf	i1delayms@cycles+1,f
  1023  0132  3000               	movlw	0
  1024  0133  0275               	subwf	i1delayms@cycles+1,w
  1025  0134  3041               	movlw	65
  1026  0135  1903               	skipnz
  1027  0136  0274               	subwf	i1delayms@cycles,w
  1028  0137  1C03               	skipc
  1029  0138  292B               	goto	i1l43
  1030  0139                     i1l565:	
  1031                           
  1032                           ;main.c: 47: }
  1033                           ;main.c: 48: waitedms++;
  1034  0139  3001               	movlw	1
  1035  013A  07F2               	addwf	i1delayms@waitedms,f
  1036  013B  1803               	skipnc
  1037  013C  0AF3               	incf	i1delayms@waitedms+1,f
  1038  013D  3000               	movlw	0
  1039  013E  07F3               	addwf	i1delayms@waitedms+1,f
  1040  013F  291A               	goto	i1l41
  1041  0140                     __end_ofi1_delayms:	
  1042  007E                     btemp	set	126	;btemp
  1043  007E                     wtemp	set	126
  1044  007E                     wtemp0	set	126
  1045  0080                     wtemp1	set	128
  1046  0082                     wtemp2	set	130
  1047  0084                     wtemp3	set	132
  1048  0086                     wtemp4	set	134
  1049  0088                     wtemp5	set	136
  1050  007F                     wtemp6	set	127
  1051  007E                     ttemp	set	126
  1052  007E                     ttemp0	set	126
  1053  0081                     ttemp1	set	129
  1054  0084                     ttemp2	set	132
  1055  0087                     ttemp3	set	135
  1056  007F                     ttemp4	set	127
  1057  007E                     ltemp	set	126
  1058  007E                     ltemp0	set	126
  1059  0082                     ltemp1	set	130
  1060  0086                     ltemp2	set	134
  1061  0080                     ltemp3	set	128


Data Sizes:
    Strings     0
    Constant    0
    Data        0
    BSS         0
    Persistent  0
    Stack       0

Auto Spaces:
    Space          Size  Autos    Used
    COMMON           14     10      10
    BANK0            80     14      14
    BANK1            80      0       0
    BANK2            80      0       0

Pointer List with Targets:

    None.

Critical Paths under _main in COMMON

    None.

Critical Paths under _ISR in COMMON

    i1_indicateByteSent->i1_delayms

Critical Paths under _main in BANK0

    _main->_spi_w
    _spi_w->_delayms
    _indicateByteSent->_delayms

Critical Paths under _ISR in BANK0

    None.

Critical Paths under _main in BANK1

    None.

Critical Paths under _ISR in BANK1

    None.

Critical Paths under _main in BANK2

    None.

Critical Paths under _ISR in BANK2

    None.

Call Graph Tables:

 ---------------------------------------------------------------------------------
 (Depth) Function   	        Calls       Base Space   Used Autos Params    Refs
 ---------------------------------------------------------------------------------
 (0) _main                                                 2     2      0    1213
                                             12 BANK0      2     2      0
                            _display
                              _spi_w
 ---------------------------------------------------------------------------------
 (1) _spi_w                                                7     5      2     682
                                              6 BANK0      6     4      2
                            _delayms
 ---------------------------------------------------------------------------------
 (1) _display                                              1     1      0     485
                                              6 BANK0      1     1      0
                   _indicateByteSent
 ---------------------------------------------------------------------------------
 (2) _indicateByteSent                                     0     0      0     463
                            _delayms
 ---------------------------------------------------------------------------------
 (2) _delayms                                              6     4      2     463
                                              0 BANK0      6     4      2
 ---------------------------------------------------------------------------------
 Estimated maximum stack depth 2
 ---------------------------------------------------------------------------------
 (Depth) Function   	        Calls       Base Space   Used Autos Params    Refs
 ---------------------------------------------------------------------------------
 (4) _ISR                                                  4     4      0     155
                                              6 COMMON     4     4      0
                 i1_indicateByteSent
 ---------------------------------------------------------------------------------
 (5) i1_indicateByteSent                                   0     0      0     155
                          i1_delayms
 ---------------------------------------------------------------------------------
 (6) i1_delayms                                            6     4      2     155
                                              0 COMMON     6     4      2
 ---------------------------------------------------------------------------------
 Estimated maximum stack depth 6
 ---------------------------------------------------------------------------------

 Call Graph Graphs:

 _main (ROOT)
   _display
     _indicateByteSent
       _delayms
   _spi_w
     _delayms

 _ISR (ROOT)
   i1_indicateByteSent
     i1_delayms

 Address spaces:
Name               Size   Autos  Total    Cost      Usage
BITCOMMON            E      0       0       0        0.0%
EEDATA             100      0       0       0        0.0%
NULL                 0      0       0       0        0.0%
CODE                 0      0       0       0        0.0%
COMMON               E      A       A       1       71.4%
BITSFR0              0      0       0       1        0.0%
SFR0                 0      0       0       1        0.0%
BITSFR1              0      0       0       2        0.0%
SFR1                 0      0       0       2        0.0%
STACK                0      0       0       2        0.0%
BANK0               50      E       E       3       17.5%
BITBANK1            50      0       0       4        0.0%
BITSFR3              0      0       0       4        0.0%
SFR3                 0      0       0       4        0.0%
BANK1               50      0       0       5        0.0%
BITSFR2              0      0       0       5        0.0%
SFR2                 0      0       0       5        0.0%
BITBANK2            50      0       0       6        0.0%
BANK2               50      0       0       7        0.0%
ABS                  0      0       0       8        0.0%
BITBANK0            50      0       0       9        0.0%
DATA                 0      0       0      10        0.0%


Microchip Technology PIC Macro Assembler V1.31 build 56723 
Symbol Table                                                                                   Tue Jun 10 01:26:05 2014

                __CFG_CP$OFF 0000                  _SSPSTATbits 0094                           l41 00F0  
                         l43 0101                           l56 00CF                           l59 00DB  
                        l661 0111                          _RC1 0039                          _RC2 003A  
                        u135 00F6                 __CFG_CPD$OFF 0000                          _ISR 0140  
           _indicateByteSent 004F                          fsr0 0004                 __CFG_IESO$ON 0000  
                       ?_ISR 0070                         i1l41 011A                         i1l43 012B  
                       i1l53 0146                         u6_25 0120                __CFG_FCMEN$ON 0000  
                       _main 0016                         btemp 007E                __CFG_BOREN$ON 0000  
                       ltemp 007E                         start 0011                         ttemp 007E  
                       wtemp 007E                __CFG_MCLRE$ON 0000                        ??_ISR 0076  
                      ?_main 0070                __CFG_WDTE$OFF 0000                        _ANSEL 011E  
                      _IOCA2 04B2                        _T2CON 0012                        _RABIF 0058  
                      i1l565 0139                        _TRISA 0085                        _TRISB 0086  
                      _TRISC 0087                        _SSPEN 00A5              __end_of_delayms 0118  
            __end_of_display 015E                  i1delayms@ms 0070                        _spi_w 00B9  
                      pclath 000A                        ltemp0 007E                        ltemp1 0082  
                      ltemp2 0086                        ltemp3 0080                        ttemp0 007E  
                      ttemp1 0081                        ttemp2 0084                        ttemp3 0087  
                      ttemp4 007F                        status 0003                        wtemp0 007E  
                      wtemp1 0080                        wtemp2 0082                        wtemp3 0084  
                      wtemp4 0086                        wtemp5 0088                        wtemp6 007F  
         __size_ofi1_delayms 0028              __initialization 0013                 __end_of_main 004F  
                     ??_main 002C                       ?_spi_w 0026                       _ANSELH 011F  
                     _SSPCON 0014                       _SSPBUF 0013               __CFG_PWRTE$OFF 0000  
              display@answer 0026           i1_indicateByteSent 0084                    ??_delayms 0022  
                  ??_display 0026          ?i1_indicateByteSent 0070                       saved_w 007E  
          __end_ofi1_delayms 0140      __end_of__initialization 0013         ??i1_indicateByteSent 0076  
   __end_of_indicateByteSent 0084               __pcstackCOMMON 0070                __end_of_spi_w 00EC  
                    ??_spi_w 0028                   __pmaintext 0016                   __pintentry 0004  
            delayms@waitedms 0022                      _SSPSTAT 0094                      _delayms 00EC  
                    __ptext0 0000                      __ptext1 00B9                      __ptext2 0153  
                    __ptext3 004F                      __ptext4 00EC                      __ptext5 0140  
                    __ptext6 0084                      __ptext7 0118                      _display 0153  
               __size_of_ISR 0013         end_of_initialization 0013                    _TRISAbits 0085  
                  _TRISBbits 0086                    _TRISCbits 0087                    i1_delayms 0118  
                 main@answer 002D            ?_indicateByteSent 0070           ??_indicateByteSent 0026  
        start_initialization 0013                  __end_of_ISR 0153                   ?i1_delayms 0070  
              delayms@cycles 0024  __size_ofi1_indicateByteSent 0035                    ___latbits 0001  
              __pcstackBANK0 0020                     ?_delayms 0020                     ?_display 0070  
             __size_of_spi_w 0033                  ??i1_delayms 0072            interrupt_function 0004  
                  delayms@ms 0020              i1delayms@cycles 0074                   spi_w@byte1 002A  
                 spi_w@byte2 002B             __size_of_delayms 002C    __size_of_indicateByteSent 0035  
           __size_of_display 000B                __size_of_main 0039                    spi_w@data 0026  
                  spi_w@ret1 0029                     intlevel1 0000   __end_ofi1_indicateByteSent 00B9  
          i1delayms@waitedms 0072           __CFG_FOSC$EXTRCCLK 0000  
