

Microchip Technology PIC LITE Macro Assembler V1.31 build 56723 
                                                                                               Sun May 25 01:43:44 2014

Microchip Technology Omniscient Code Generator (Lite mode) build 56723
     1                           	processor	16F690
     2                           	opt	pw 120
     3                           	opt	lm
     4                           	psect	text0,local,class=CODE,merge=1,delta=2
     5                           	psect	cinit,global,class=CODE,merge=1,delta=2
     6                           	psect	cstackCOMMON,global,class=COMMON,space=1,delta=1
     7                           	psect	maintext,global,class=CODE,split=1,delta=2
     8                           	psect	text1,local,class=CODE,merge=1,delta=2
     9                           	psect	text2,local,class=CODE,merge=1,delta=2
    10                           	psect	text3,local,class=CODE,merge=1,delta=2
    11                           	dabs	1,0x7E,2
    12  0000                     	;# 
    13  0001                     	;# 
    14  0002                     	;# 
    15  0003                     	;# 
    16  0004                     	;# 
    17  0005                     	;# 
    18  0006                     	;# 
    19  0007                     	;# 
    20  000A                     	;# 
    21  000B                     	;# 
    22  000C                     	;# 
    23  000D                     	;# 
    24  000E                     	;# 
    25  000E                     	;# 
    26  000F                     	;# 
    27  0010                     	;# 
    28  0011                     	;# 
    29  0012                     	;# 
    30  0013                     	;# 
    31  0014                     	;# 
    32  0015                     	;# 
    33  0015                     	;# 
    34  0016                     	;# 
    35  0017                     	;# 
    36  0018                     	;# 
    37  0019                     	;# 
    38  001A                     	;# 
    39  001C                     	;# 
    40  001D                     	;# 
    41  001E                     	;# 
    42  001F                     	;# 
    43  0081                     	;# 
    44  0085                     	;# 
    45  0086                     	;# 
    46  0087                     	;# 
    47  008C                     	;# 
    48  008D                     	;# 
    49  008E                     	;# 
    50  008F                     	;# 
    51  0090                     	;# 
    52  0092                     	;# 
    53  0093                     	;# 
    54  0093                     	;# 
    55  0093                     	;# 
    56  0094                     	;# 
    57  0095                     	;# 
    58  0095                     	;# 
    59  0096                     	;# 
    60  0096                     	;# 
    61  0097                     	;# 
    62  0098                     	;# 
    63  0099                     	;# 
    64  009A                     	;# 
    65  009B                     	;# 
    66  009E                     	;# 
    67  009F                     	;# 
    68  010C                     	;# 
    69  010C                     	;# 
    70  010D                     	;# 
    71  010E                     	;# 
    72  010F                     	;# 
    73  0115                     	;# 
    74  0116                     	;# 
    75  0118                     	;# 
    76  0119                     	;# 
    77  011A                     	;# 
    78  011B                     	;# 
    79  011E                     	;# 
    80  011F                     	;# 
    81  018C                     	;# 
    82  018D                     	;# 
    83  019D                     	;# 
    84  019E                     	;# 
    85  0013                     _SSPBUF	set	19
    86  0014                     _SSPCON	set	20
    87  0039                     _RC1	set	57
    88  003E                     _RC6	set	62
    89  00A5                     _SSPEN	set	165
    90  0063                     _SSPIF	set	99
    91  0094                     _SSPSTAT	set	148
    92  0085                     _TRISA	set	133
    93  0086                     _TRISB	set	134
    94  0086                     _TRISBbits	set	134
    95  0087                     _TRISC	set	135
    96  0087                     _TRISCbits	set	135
    97  011E                     _ANSEL	set	286
    98                           
    99                           	psect	text0
   100  0000                     __ptext0:	
   101                           ; #config settings
   102                           
   103                           
   104                           ;psect for function _display
   105  0000                     
   106                           	psect	cinit
   107  07FD                     start_initialization:	
   108  07FD                     __initialization:	
   109  07FD                     end_of_initialization:	
   110                           ;End of C runtime variable initialization code
   111                           
   112  07FD                     __end_of__initialization:	
   113  07FD  0183               	clrf	3
   114  07FE  118A  2FB6         	ljmp	_main	;jump to C main() function
   115                           
   116                           	psect	cstackCOMMON
   117  0070                     __pcstackCOMMON:	
   118  0070                     ?_indicateByteSent:	
   119  0070                     ??_indicateByteSent:	
   120                           ; 0 bytes @ 0x0
   121                           
   122  0070                     ?_display:	
   123                           ; 0 bytes @ 0x0
   124                           
   125  0070                     ??_display:	
   126                           ; 0 bytes @ 0x0
   127                           
   128  0070                     ?_main:	
   129                           ; 0 bytes @ 0x0
   130                           
   131                           
   132                           ; 0 bytes @ 0x0
   133  0070                     	ds	2
   134  0072                     ?_spi_w:	
   135  0072                     spi_w@data:	
   136                           ; 1 bytes @ 0x2
   137                           
   138                           
   139                           ; 2 bytes @ 0x2
   140  0072                     	ds	1
   141  0073                     display@answer:	
   142                           
   143                           ; 1 bytes @ 0x3
   144  0073                     	ds	1
   145  0074                     ??_spi_w:	
   146  0074                     display@n:	
   147                           ; 0 bytes @ 0x4
   148                           
   149                           
   150                           ; 1 bytes @ 0x4
   151  0074                     	ds	1
   152  0075                     spi_w@ret:	
   153                           
   154                           ; 1 bytes @ 0x5
   155  0075                     	ds	1
   156  0076                     spi_w@byte1:	
   157                           
   158                           ; 1 bytes @ 0x6
   159  0076                     	ds	1
   160  0077                     spi_w@byte2:	
   161                           
   162                           ; 1 bytes @ 0x7
   163  0077                     	ds	1
   164  0078                     ??_main:	
   165  0078                     main@answer:	
   166                           ; 0 bytes @ 0x8
   167                           
   168                           
   169                           ; 1 bytes @ 0x8
   170  0078                     	ds	1
   171                           
   172                           	psect	maintext
   173  07B6                     __pmaintext:	
   174 ;;
   175 ;;Main: autosize = 0, tempsize = 0, incstack = 0, save=0
   176 ;;
   177 ;; *************** function _main *****************
   178 ;; Defined at:
   179 ;;		line 89 in file "main.c"
   180 ;; Parameters:    Size  Location     Type
   181 ;;		None
   182 ;; Auto vars:     Size  Location     Type
   183 ;;  answer          1    8[COMMON] unsigned char 
   184 ;; Return value:  Size  Location     Type
   185 ;;		None               void
   186 ;; Registers used:
   187 ;;		wreg, status,2, status,0, pclath, cstack
   188 ;; Tracked objects:
   189 ;;		On entry : 17F/0
   190 ;;		On exit  : 0/0
   191 ;;		Unchanged: 0/0
   192 ;; Data sizes:     COMMON   BANK0   BANK1   BANK2
   193 ;;      Params:         0       0       0       0
   194 ;;      Locals:         1       0       0       0
   195 ;;      Temps:          0       0       0       0
   196 ;;      Totals:         1       0       0       0
   197 ;;Total ram usage:        1 bytes
   198 ;; Hardware stack levels required when called:    2
   199 ;; This function calls:
   200 ;;		_display
   201 ;;		_spi_w
   202 ;; This function is called by:
   203 ;;		Startup code after reset
   204 ;; This function uses a non-reentrant model
   205 ;;
   206                           
   207                           
   208                           ;psect for function _main
   209  07B6                     _main:	
   210                           
   211                           ;main.c: 92: TRISA = 0x0;
   212                           
   213                           ;incstack = 0
   214                           ; Regs used in _main: [wreg+status,2+status,0+pclath+cstack]
   215  07B6  1683               	bsf	3,5	;RP0=1, select bank1
   216  07B7  1303               	bcf	3,6	;RP1=0, select bank1
   217  07B8  0185               	clrf	5	;volatile
   218                           
   219                           ;main.c: 93: TRISB = 0x0;
   220  07B9  0186               	clrf	6	;volatile
   221                           
   222                           ;main.c: 94: TRISC = 0x0;
   223  07BA  0187               	clrf	7	;volatile
   224                           
   225                           ;main.c: 95: TRISBbits.TRISB6 = 0;
   226  07BB  1306               	bcf	6,6	;volatile
   227                           
   228                           ;main.c: 96: TRISBbits.TRISB4 = 0;
   229  07BC  1206               	bcf	6,4	;volatile
   230                           
   231                           ;main.c: 97: TRISCbits.TRISC7 = 1;
   232  07BD  1787               	bsf	7,7	;volatile
   233                           
   234                           ;main.c: 98: TRISCbits.TRISC6 = 0;
   235  07BE  1307               	bcf	7,6	;volatile
   236                           
   237                           ;main.c: 101: SSPEN = 0;
   238  07BF  1283               	bcf	3,5	;RP0=0, select bank0
   239  07C0  1303               	bcf	3,6	;RP1=0, select bank0
   240  07C1  1294               	bcf	20,5	;volatile
   241                           
   242                           ;main.c: 102: SSPSTAT=0b01000000;
   243  07C2  3040               	movlw	64
   244  07C3  1683               	bsf	3,5	;RP0=1, select bank1
   245  07C4  1303               	bcf	3,6	;RP1=0, select bank1
   246  07C5  0094               	movwf	20	;volatile
   247                           
   248                           ;main.c: 103: SSPCON=0b00100010;
   249  07C6  3022               	movlw	34
   250  07C7  1283               	bcf	3,5	;RP0=0, select bank0
   251  07C8  1303               	bcf	3,6	;RP1=0, select bank0
   252  07C9  0094               	movwf	20	;volatile
   253                           
   254                           ;main.c: 104: SSPEN = 1;
   255  07CA  1694               	bsf	20,5	;volatile
   256                           
   257                           ;main.c: 106: ANSEL = 0X0;
   258  07CB  1283               	bcf	3,5	;RP0=0, select bank2
   259  07CC  1703               	bsf	3,6	;RP1=1, select bank2
   260  07CD  019E               	clrf	30	;volatile
   261                           
   262                           ;main.c: 108: uchar answer;
   263                           ;main.c: 111: spi_w(0x80D8);
   264  07CE  30D8               	movlw	216
   265  07CF  00F2               	movwf	spi_w@data
   266  07D0  3080               	movlw	128
   267  07D1  00F3               	movwf	spi_w@data+1
   268  07D2  118A  271A  118A   	fcall	_spi_w
   269                           
   270                           ;main.c: 112: spi_w(0x8208);
   271  07D5  3008               	movlw	8
   272  07D6  00F2               	movwf	spi_w@data
   273  07D7  3082               	movlw	130
   274  07D8  00F3               	movwf	spi_w@data+1
   275  07D9  118A  271A  118A   	fcall	_spi_w
   276                           
   277                           ;main.c: 113: spi_w(0xA640);
   278  07DC  3040               	movlw	64
   279  07DD  00F2               	movwf	spi_w@data
   280  07DE  30A6               	movlw	166
   281  07DF  00F3               	movwf	spi_w@data+1
   282  07E0  118A  271A  118A   	fcall	_spi_w
   283                           
   284                           ;main.c: 114: spi_w(0xC647);
   285  07E3  3047               	movlw	71
   286  07E4  00F2               	movwf	spi_w@data
   287  07E5  30C6               	movlw	198
   288  07E6  00F3               	movwf	spi_w@data+1
   289  07E7  118A  271A  118A   	fcall	_spi_w
   290                           
   291                           ;main.c: 115: spi_w(0xCC77);
   292  07EA  3077               	movlw	119
   293  07EB  00F2               	movwf	spi_w@data
   294  07EC  30CC               	movlw	204
   295  07ED  00F3               	movwf	spi_w@data+1
   296  07EE  118A  271A  118A   	fcall	_spi_w
   297  07F1                     l587:	
   298                           ;main.c: 117: while(1)
   299                           
   300                           
   301                           ;main.c: 118: {
   302                           ;main.c: 119: spi_w(0x80D8);
   303  07F1  30D8               	movlw	216
   304  07F2  00F2               	movwf	spi_w@data
   305  07F3  3080               	movlw	128
   306  07F4  00F3               	movwf	spi_w@data+1
   307  07F5  118A  271A  118A   	fcall	_spi_w
   308                           
   309                           ;main.c: 121: display(answer);
   310  07F8  0878               	movf	main@answer,w
   311  07F9  118A  273B  118A   	fcall	_display
   312  07FC  2FF1               	goto	l587
   313  07FD                     __end_of_main:	
   314                           
   315                           	psect	text1
   316  071A                     __ptext1:	
   317 ;; *************** function _spi_w *****************
   318 ;; Defined at:
   319 ;;		line 54 in file "main.c"
   320 ;; Parameters:    Size  Location     Type
   321 ;;  data            2    2[COMMON] unsigned int 
   322 ;; Auto vars:     Size  Location     Type
   323 ;;  byte2           1    7[COMMON] unsigned char 
   324 ;;  byte1           1    6[COMMON] unsigned char 
   325 ;;  ret             1    5[COMMON] unsigned char 
   326 ;; Return value:  Size  Location     Type
   327 ;;                  1    wreg      unsigned char 
   328 ;; Registers used:
   329 ;;		wreg, status,2, status,0, pclath, cstack
   330 ;; Tracked objects:
   331 ;;		On entry : 0/0
   332 ;;		On exit  : 0/0
   333 ;;		Unchanged: 0/0
   334 ;; Data sizes:     COMMON   BANK0   BANK1   BANK2
   335 ;;      Params:         2       0       0       0
   336 ;;      Locals:         3       0       0       0
   337 ;;      Temps:          1       0       0       0
   338 ;;      Totals:         6       0       0       0
   339 ;;Total ram usage:        6 bytes
   340 ;; Hardware stack levels used:    1
   341 ;; Hardware stack levels required when called:    1
   342 ;; This function calls:
   343 ;;		_indicateByteSent
   344 ;; This function is called by:
   345 ;;		_main
   346 ;; This function uses a non-reentrant model
   347 ;;
   348                           
   349                           
   350                           ;psect for function _spi_w
   351  071A                     _spi_w:	
   352                           
   353                           ;main.c: 55: uchar ret;
   354                           ;main.c: 56: uchar byte1 = ((data & 0xFF00) >> 8);
   355                           
   356                           ;incstack = 0
   357                           ; Regs used in _spi_w: [wreg+status,2+status,0+pclath+cstack]
   358  071A  0873               	movf	spi_w@data+1,w
   359  071B  00F4               	movwf	??_spi_w
   360  071C  0874               	movf	??_spi_w,w
   361  071D  00F6               	movwf	spi_w@byte1
   362                           
   363                           ;main.c: 57: uchar byte2 = data & 0x00FF;
   364  071E  0872               	movf	spi_w@data,w
   365  071F  00F4               	movwf	??_spi_w
   366  0720  0874               	movf	??_spi_w,w
   367  0721  00F7               	movwf	spi_w@byte2
   368                           
   369                           ;main.c: 59: RC6=0;
   370  0722  1283               	bcf	3,5	;RP0=0, select bank0
   371  0723  1303               	bcf	3,6	;RP1=0, select bank0
   372  0724  1307               	bcf	7,6	;volatile
   373  0725                     l34:	
   374                           ;main.c: 60: while (!SSPIF);
   375                           
   376  0725  1D8C               	btfss	12,3	;volatile
   377  0726  2F25               	goto	l34
   378                           
   379                           ;main.c: 61: SSPBUF=byte1;
   380  0727  0876               	movf	spi_w@byte1,w
   381  0728  0093               	movwf	19	;volatile
   382  0729                     l37:	
   383                           ;main.c: 62: while (!SSPIF);
   384                           
   385  0729  1D8C               	btfss	12,3	;volatile
   386  072A  2F29               	goto	l37
   387                           
   388                           ;main.c: 63: ret=SSPBUF;
   389  072B  0813               	movf	19,w	;volatile
   390  072C  00F4               	movwf	??_spi_w
   391  072D  0874               	movf	??_spi_w,w
   392  072E  00F5               	movwf	spi_w@ret
   393                           
   394                           ;main.c: 64: SSPBUF=byte2;
   395  072F  0877               	movf	spi_w@byte2,w
   396  0730  0093               	movwf	19	;volatile
   397  0731                     l40:	
   398                           ;main.c: 65: while (!SSPIF);
   399                           
   400  0731  1D8C               	btfss	12,3	;volatile
   401  0732  2F31               	goto	l40
   402                           
   403                           ;main.c: 66: ret=SSPBUF;
   404  0733  0813               	movf	19,w	;volatile
   405  0734  00F4               	movwf	??_spi_w
   406  0735  0874               	movf	??_spi_w,w
   407  0736  00F5               	movwf	spi_w@ret
   408                           
   409                           ;main.c: 67: RC6=1;
   410  0737  1707               	bsf	7,6	;volatile
   411                           
   412                           ;main.c: 69: indicateByteSent();
   413  0738  118A  2776         	fcall	_indicateByteSent
   414  073A  0008               	return
   415  073B                     __end_of_spi_w:	
   416                           ;main.c: 71: return ret;
   417                           ;	Return value of _spi_w is never used
   418                           
   419                           
   420                           	psect	text2
   421  0776                     __ptext2:	
   422 ;; *************** function _indicateByteSent *****************
   423 ;; Defined at:
   424 ;;		line 40 in file "main.c"
   425 ;; Parameters:    Size  Location     Type
   426 ;;		None
   427 ;; Auto vars:     Size  Location     Type
   428 ;;		None
   429 ;; Return value:  Size  Location     Type
   430 ;;		None               void
   431 ;; Registers used:
   432 ;;		wreg
   433 ;; Tracked objects:
   434 ;;		On entry : 0/0
   435 ;;		On exit  : 0/0
   436 ;;		Unchanged: 0/0
   437 ;; Data sizes:     COMMON   BANK0   BANK1   BANK2
   438 ;;      Params:         0       0       0       0
   439 ;;      Locals:         0       0       0       0
   440 ;;      Temps:          2       0       0       0
   441 ;;      Totals:         2       0       0       0
   442 ;;Total ram usage:        2 bytes
   443 ;; Hardware stack levels used:    1
   444 ;; This function calls:
   445 ;;		Nothing
   446 ;; This function is called by:
   447 ;;		_spi_w
   448 ;; This function uses a non-reentrant model
   449 ;;
   450                           
   451                           
   452                           ;psect for function _indicateByteSent
   453  0776                     _indicateByteSent:	
   454                           
   455                           ;main.c: 41: RC1 = 1;
   456                           
   457                           ;incstack = 0
   458                           ; Regs used in _indicateByteSent: [wreg]
   459  0776  1283               	bcf	3,5	;RP0=0, select bank0
   460  0777  1303               	bcf	3,6	;RP1=0, select bank0
   461  0778  1487               	bsf	7,1	;volatile
   462                           
   463                           ;main.c: 42: _delay((unsigned long)((50)*(4000000/4000.0)));
   464  0779  3041               	movlw	65
   465  077A  00F1               	movwf	??_indicateByteSent+1
   466  077B  30EE               	movlw	238
   467  077C  00F0               	movwf	??_indicateByteSent
   468  077D                     u67:	
   469  077D  0BF0               	decfsz	??_indicateByteSent,f
   470  077E  2F7D               	goto	u67
   471  077F  0BF1               	decfsz	??_indicateByteSent+1,f
   472  0780  2F7D               	goto	u67
   473  0781  0000               	nop
   474                           
   475                           ;main.c: 43: RC1 = 0;
   476  0782  1283               	bcf	3,5	;RP0=0, select bank0
   477  0783  1303               	bcf	3,6	;RP1=0, select bank0
   478  0784  1087               	bcf	7,1	;volatile
   479                           
   480                           ;main.c: 44: _delay((unsigned long)((50)*(4000000/4000.0)));
   481  0785  3041               	movlw	65
   482  0786  00F1               	movwf	??_indicateByteSent+1
   483  0787  30EE               	movlw	238
   484  0788  00F0               	movwf	??_indicateByteSent
   485  0789                     u77:	
   486  0789  0BF0               	decfsz	??_indicateByteSent,f
   487  078A  2F89               	goto	u77
   488  078B  0BF1               	decfsz	??_indicateByteSent+1,f
   489  078C  2F89               	goto	u77
   490  078D  0000               	nop
   491                           
   492                           ;main.c: 45: RC1 = 1;
   493  078E  1283               	bcf	3,5	;RP0=0, select bank0
   494  078F  1303               	bcf	3,6	;RP1=0, select bank0
   495  0790  1487               	bsf	7,1	;volatile
   496                           
   497                           ;main.c: 46: _delay((unsigned long)((50)*(4000000/4000.0)));
   498  0791  3041               	movlw	65
   499  0792  00F1               	movwf	??_indicateByteSent+1
   500  0793  30EE               	movlw	238
   501  0794  00F0               	movwf	??_indicateByteSent
   502  0795                     u87:	
   503  0795  0BF0               	decfsz	??_indicateByteSent,f
   504  0796  2F95               	goto	u87
   505  0797  0BF1               	decfsz	??_indicateByteSent+1,f
   506  0798  2F95               	goto	u87
   507  0799  0000               	nop
   508                           
   509                           ;main.c: 47: RC1 = 0;
   510  079A  1283               	bcf	3,5	;RP0=0, select bank0
   511  079B  1303               	bcf	3,6	;RP1=0, select bank0
   512  079C  1087               	bcf	7,1	;volatile
   513                           
   514                           ;main.c: 48: _delay((unsigned long)((50)*(4000000/4000.0)));
   515  079D  3041               	movlw	65
   516  079E  00F1               	movwf	??_indicateByteSent+1
   517  079F  30EE               	movlw	238
   518  07A0  00F0               	movwf	??_indicateByteSent
   519  07A1                     u97:	
   520  07A1  0BF0               	decfsz	??_indicateByteSent,f
   521  07A2  2FA1               	goto	u97
   522  07A3  0BF1               	decfsz	??_indicateByteSent+1,f
   523  07A4  2FA1               	goto	u97
   524  07A5  0000               	nop
   525                           
   526                           ;main.c: 49: RC1 = 1;
   527  07A6  1283               	bcf	3,5	;RP0=0, select bank0
   528  07A7  1303               	bcf	3,6	;RP1=0, select bank0
   529  07A8  1487               	bsf	7,1	;volatile
   530                           
   531                           ;main.c: 50: _delay((unsigned long)((50)*(4000000/4000.0)));
   532  07A9  3041               	movlw	65
   533  07AA  00F1               	movwf	??_indicateByteSent+1
   534  07AB  30EE               	movlw	238
   535  07AC  00F0               	movwf	??_indicateByteSent
   536  07AD                     u107:	
   537  07AD  0BF0               	decfsz	??_indicateByteSent,f
   538  07AE  2FAD               	goto	u107
   539  07AF  0BF1               	decfsz	??_indicateByteSent+1,f
   540  07B0  2FAD               	goto	u107
   541  07B1  0000               	nop
   542                           
   543                           ;main.c: 51: RC1 = 0;
   544  07B2  1283               	bcf	3,5	;RP0=0, select bank0
   545  07B3  1303               	bcf	3,6	;RP1=0, select bank0
   546  07B4  1087               	bcf	7,1	;volatile
   547  07B5  0008               	return
   548  07B6                     __end_of_indicateByteSent:	
   549                           
   550                           	psect	text3
   551  073B                     __ptext3:	
   552 ;; *************** function _display *****************
   553 ;; Defined at:
   554 ;;		line 74 in file "main.c"
   555 ;; Parameters:    Size  Location     Type
   556 ;;  answer          1    wreg     unsigned char 
   557 ;; Auto vars:     Size  Location     Type
   558 ;;  answer          1    3[COMMON] unsigned char 
   559 ;;  n               1    4[COMMON] unsigned char 
   560 ;; Return value:  Size  Location     Type
   561 ;;		None               void
   562 ;; Registers used:
   563 ;;		wreg, status,2, status,0
   564 ;; Tracked objects:
   565 ;;		On entry : 0/0
   566 ;;		On exit  : 0/0
   567 ;;		Unchanged: 0/0
   568 ;; Data sizes:     COMMON   BANK0   BANK1   BANK2
   569 ;;      Params:         0       0       0       0
   570 ;;      Locals:         2       0       0       0
   571 ;;      Temps:          3       0       0       0
   572 ;;      Totals:         5       0       0       0
   573 ;;Total ram usage:        5 bytes
   574 ;; Hardware stack levels used:    1
   575 ;; This function calls:
   576 ;;		Nothing
   577 ;; This function is called by:
   578 ;;		_main
   579 ;; This function uses a non-reentrant model
   580 ;;
   581                           
   582                           
   583                           ;psect for function _display
   584  073B                     _display:	
   585                           
   586                           ;incstack = 0
   587                           ; Regs used in _display: [wreg+status,2+status,0]
   588                           ;display@answer stored from wreg
   589  073B  00F3               	movwf	display@answer
   590                           
   591                           ;main.c: 75: uchar n = 8;
   592  073C  3008               	movlw	8
   593  073D  00F0               	movwf	??_display
   594  073E  0870               	movf	??_display,w
   595  073F  00F4               	movwf	display@n
   596  0740                     l555:	
   597                           ;main.c: 76: while (n--){
   598                           
   599  0740  3001               	movlw	1
   600  0741  02F4               	subwf	display@n,f
   601  0742  0874               	movf	display@n,w
   602  0743  3AFF               	xorlw	255
   603  0744  1903               	btfsc	3,2
   604  0745  2F68               	goto	l557
   605                           
   606                           ;main.c: 77: RC1 = 0;
   607  0746  1283               	bcf	3,5	;RP0=0, select bank0
   608  0747  1303               	bcf	3,6	;RP1=0, select bank0
   609  0748  1087               	bcf	7,1	;volatile
   610                           
   611                           ;main.c: 78: _delay((unsigned long)((800)*(4000000/4000.0)));
   612  0749  3005               	movlw	5
   613  074A  00F2               	movwf	??_display+2
   614  074B  300F               	movlw	15
   615  074C  00F1               	movwf	??_display+1
   616  074D  30F4               	movlw	244
   617  074E  00F0               	movwf	??_display
   618  074F                     u117:	
   619  074F  0BF0               	decfsz	??_display,f
   620  0750  2F4F               	goto	u117
   621  0751  0BF1               	decfsz	??_display+1,f
   622  0752  2F4F               	goto	u117
   623  0753  0BF2               	decfsz	??_display+2,f
   624  0754  2F4F               	goto	u117
   625                           
   626                           ;main.c: 79: if (answer & 1) {
   627  0755  1C73               	btfss	display@answer,0
   628  0756  2F5A               	goto	l553
   629                           
   630                           ;main.c: 80: RC1 = 1;
   631  0757  1283               	bcf	3,5	;RP0=0, select bank0
   632  0758  1303               	bcf	3,6	;RP1=0, select bank0
   633  0759  1487               	bsf	7,1	;volatile
   634  075A                     l553:	
   635                           
   636                           ;main.c: 81: }
   637                           ;main.c: 82: _delay((unsigned long)((200)*(4000000/4000.0)));
   638  075A  3002               	movlw	2
   639  075B  00F2               	movwf	??_display+2
   640  075C  3004               	movlw	4
   641  075D  00F1               	movwf	??_display+1
   642  075E  30BA               	movlw	186
   643  075F  00F0               	movwf	??_display
   644  0760                     u127:	
   645  0760  0BF0               	decfsz	??_display,f
   646  0761  2F60               	goto	u127
   647  0762  0BF1               	decfsz	??_display+1,f
   648  0763  2F60               	goto	u127
   649  0764  0BF2               	decfsz	??_display+2,f
   650  0765  2F60               	goto	u127
   651  0766  0000               	nop
   652  0767  2F40               	goto	l555
   653  0768                     l557:	
   654                           
   655                           ;main.c: 84: }
   656                           ;main.c: 85: _delay((unsigned long)((1000)*(4000000/4000.0)));
   657  0768  3006               	movlw	6
   658  0769  00F2               	movwf	??_display+2
   659  076A  3013               	movlw	19
   660  076B  00F1               	movwf	??_display+1
   661  076C  30B1               	movlw	177
   662  076D  00F0               	movwf	??_display
   663  076E                     u137:	
   664  076E  0BF0               	decfsz	??_display,f
   665  076F  2F6E               	goto	u137
   666  0770  0BF1               	decfsz	??_display+1,f
   667  0771  2F6E               	goto	u137
   668  0772  0BF2               	decfsz	??_display+2,f
   669  0773  2F6E               	goto	u137
   670  0774  2F75               	nop2
   671  0775  0008               	return
   672  0776                     __end_of_display:	
   673  007E                     btemp	set	126	;btemp
   674  007E                     wtemp	set	126
   675  007E                     wtemp0	set	126
   676  0080                     wtemp1	set	128
   677  0082                     wtemp2	set	130
   678  0084                     wtemp3	set	132
   679  0086                     wtemp4	set	134
   680  0088                     wtemp5	set	136
   681  007F                     wtemp6	set	127
   682  007E                     ttemp	set	126
   683  007E                     ttemp0	set	126
   684  0081                     ttemp1	set	129
   685  0084                     ttemp2	set	132
   686  0087                     ttemp3	set	135
   687  007F                     ttemp4	set	127
   688  007E                     ltemp	set	126
   689  007E                     ltemp0	set	126
   690  0082                     ltemp1	set	130
   691  0086                     ltemp2	set	134
   692  0080                     ltemp3	set	128


Data Sizes:
    Strings     0
    Constant    0
    Data        0
    BSS         0
    Persistent  0
    Stack       0

Auto Spaces:
    Space          Size  Autos    Used
    COMMON           14      9       9
    BANK0            80      0       0
    BANK1            80      0       0
    BANK2            80      0       0

Pointer List with Targets:

    None.

Critical Paths under _main in COMMON

    _main->_spi_w
    _spi_w->_indicateByteSent

Critical Paths under _main in BANK0

    None.

Critical Paths under _main in BANK1

    None.

Critical Paths under _main in BANK2

    None.

Call Graph Tables:

 ---------------------------------------------------------------------------------
 (Depth) Function   	        Calls       Base Space   Used Autos Params    Refs
 ---------------------------------------------------------------------------------
 (0) _main                                                 1     1      0     368
                                              8 COMMON     1     1      0
                            _display
                              _spi_w
 ---------------------------------------------------------------------------------
 (1) _spi_w                                                6     4      2     323
                                              2 COMMON     6     4      2
                   _indicateByteSent
 ---------------------------------------------------------------------------------
 (2) _indicateByteSent                                     2     2      0       0
                                              0 COMMON     2     2      0
 ---------------------------------------------------------------------------------
 (1) _display                                              5     5      0      30
                                              0 COMMON     5     5      0
 ---------------------------------------------------------------------------------
 Estimated maximum stack depth 2
 ---------------------------------------------------------------------------------

 Call Graph Graphs:

 _main (ROOT)
   _display
   _spi_w
     _indicateByteSent

 Address spaces:
Name               Size   Autos  Total    Cost      Usage
BITCOMMON            E      0       0       0        0.0%
EEDATA             100      0       0       0        0.0%
NULL                 0      0       0       0        0.0%
CODE                 0      0       0       0        0.0%
COMMON               E      9       9       1       64.3%
BITSFR0              0      0       0       1        0.0%
SFR0                 0      0       0       1        0.0%
BITSFR1              0      0       0       2        0.0%
SFR1                 0      0       0       2        0.0%
STACK                0      0       0       2        0.0%
BANK0               50      0       0       3        0.0%
BITBANK1            50      0       0       4        0.0%
BITSFR3              0      0       0       4        0.0%
SFR3                 0      0       0       4        0.0%
BANK1               50      0       0       5        0.0%
BITSFR2              0      0       0       5        0.0%
SFR2                 0      0       0       5        0.0%
BITBANK2            50      0       0       6        0.0%
BANK2               50      0       0       7        0.0%
ABS                  0      0       0       8        0.0%
BITBANK0            50      0       0       9        0.0%
DATA                 0      0       0      10        0.0%


Microchip Technology PIC Macro Assembler V1.31 build 56723 
Symbol Table                                                                                   Sun May 25 01:43:44 2014

              __CFG_CP$OFF 0000                         l40 0731                         l34 0725  
                       l37 0729                         u67 077D                         u77 0789  
                       u87 0795                         u97 07A1                        l553 075A  
                      l555 0740                        l557 0768                        l587 07F1  
                      _RC1 0039                        _RC6 003E                        u107 07AD  
                      u117 074F                        u127 0760                        u137 076E  
             __CFG_CPD$OFF 0000           _indicateByteSent 0776               __CFG_IESO$ON 0000  
            __CFG_FCMEN$ON 0000                       _main 07B6                       btemp 007E  
            __CFG_BOREN$ON 0000                       ltemp 007E                       start 0000  
                     ttemp 007E                       wtemp 007E              __CFG_MCLRE$ON 0000  
                    ?_main 0070              __CFG_WDTE$OFF 0000                      _ANSEL 011E  
                    _TRISA 0085                      _TRISB 0086                      _TRISC 0087  
                    _SSPIF 0063                      _SSPEN 00A5            __end_of_display 0776  
                    _spi_w 071A                      ltemp0 007E                      ltemp1 0082  
                    ltemp2 0086                      ltemp3 0080                      ttemp0 007E  
                    ttemp1 0081                      ttemp2 0084                      ttemp3 0087  
                    ttemp4 007F                      status 0003                      wtemp0 007E  
                    wtemp1 0080                      wtemp2 0082                      wtemp3 0084  
                    wtemp4 0086                      wtemp5 0088                      wtemp6 007F  
          __initialization 07FD               __end_of_main 07FD                     ??_main 0078  
                   ?_spi_w 0072                     _SSPCON 0014                     _SSPBUF 0013  
           __CFG_PWRTE$OFF 0000              display@answer 0073                  ??_display 0070  
  __end_of__initialization 07FD   __end_of_indicateByteSent 07B6             __pcstackCOMMON 0070  
            __end_of_spi_w 073B                    ??_spi_w 0074                 __pmaintext 07B6  
                  _SSPSTAT 0094                    __ptext0 0000                    __ptext1 071A  
                  __ptext2 0776                    __ptext3 073B                    _display 073B  
     end_of_initialization 07FD                  _TRISBbits 0086                  _TRISCbits 0087  
               main@answer 0078          ?_indicateByteSent 0070         ??_indicateByteSent 0070  
      start_initialization 07FD                  ___latbits 0001                   ?_display 0070  
           __size_of_spi_w 0021                 spi_w@byte1 0076                 spi_w@byte2 0077  
__size_of_indicateByteSent 0040           __size_of_display 003B              __size_of_main 0047  
                spi_w@data 0072                   display@n 0074                   spi_w@ret 0075  
       __CFG_FOSC$EXTRCCLK 0000  
